#
# A fatal error has been detected by the Java Runtime Environment:
#
#  EXCEPTION_ACCESS_VIOLATION (0xc0000005) at pc=0x00007ffb2a06d427, pid=7880, tid=21320
#
# JRE version: Java(TM) SE Runtime Environment (13.0.1+9) (build 13.0.1+9)
# Java VM: Java HotSpot(TM) 64-Bit Server VM (13.0.1+9, mixed mode, sharing, tiered, compressed oops, g1 gc, windows-amd64)
# Problematic frame:
# C  [jniLLVM.dll+0xd3d427]
#
# No core dump will be written. Minidumps are not enabled by default on client versions of Windows
#
# If you would like to submit a bug report, please visit:
#   http://bugreport.java.com/bugreport/crash.jsp
# The crash happened outside the Java Virtual Machine in native code.
# See problematic frame for where to report the bug.
#

---------------  S U M M A R Y ------------

Command Line: -Didea.launcher.port=51998 -Didea.launcher.bin.path=D:\JetBrains\IntelliJ IDEA Community Edition 2019.1\bin -Dfile.encoding=UTF-8 com.intellij.rt.execution.application.AppMainV2 antlr.LLVM

Host: Intel(R) Core(TM) i7-8750H CPU @ 2.20GHz, 12 cores, 15G,  Windows 10 , 64 bit Build 19041 (10.0.19041.1023)
Time: Mon Jun 28 02:42:44 2021 W. Europe Daylight Time elapsed time: 0 seconds (0d 0h 0m 0s)

---------------  T H R E A D  ---------------

Current thread (0x00000257a2586800):  JavaThread "main" [_thread_in_native, id=21320, stack(0x000000c6b8800000,0x000000c6b8900000)]

Stack: [0x000000c6b8800000,0x000000c6b8900000],  sp=0x000000c6b88fdb10,  free space=1014k
Native frames: (J=compiled Java code, j=interpreted, Vv=VM code, C=native code)
C  [jniLLVM.dll+0xd3d427]

Java frames: (J=compiled Java code, j=interpreted, Vv=VM code)
j  org.bytedeco.llvm.global.LLVM.LLVMVerifyModule(Lorg/bytedeco/llvm/LLVM/LLVMModuleRef;ILorg/bytedeco/javacpp/BytePointer;)I+0
j  antlr.LLVM.main([Ljava/lang/String;)V+81
v  ~StubRoutines::call_stub
j  jdk.internal.reflect.NativeMethodAccessorImpl.invoke0(Ljava/lang/reflect/Method;Ljava/lang/Object;[Ljava/lang/Object;)Ljava/lang/Object;+0 java.base@13.0.1
j  jdk.internal.reflect.NativeMethodAccessorImpl.invoke(Ljava/lang/Object;[Ljava/lang/Object;)Ljava/lang/Object;+100 java.base@13.0.1
j  jdk.internal.reflect.DelegatingMethodAccessorImpl.invoke(Ljava/lang/Object;[Ljava/lang/Object;)Ljava/lang/Object;+6 java.base@13.0.1
j  java.lang.reflect.Method.invoke(Ljava/lang/Object;[Ljava/lang/Object;)Ljava/lang/Object;+59 java.base@13.0.1
j  com.intellij.rt.execution.application.AppMainV2.main([Ljava/lang/String;)V+184
v  ~StubRoutines::call_stub

siginfo: EXCEPTION_ACCESS_VIOLATION (0xc0000005), reading address 0x0000000000000000


Register to memory mapping:

RIP=0x00007ffb2a06d427 jniLLVM.dll
RAX=0x00000257c7856ea0 points into unknown readable memory: e0 fb 5e c7 57 02 00 00
RBX=0x00000000ffffffff is an unknown value
RCX=0x0 is NULL
RDX=0x000000c6b88fe2a8 is pointing into the stack for thread: 0x00000257a2586800
RSP=0x000000c6b88fdb10 is pointing into the stack for thread: 0x00000257a2586800
RBP=0x000000c6b88fdc10 is pointing into the stack for thread: 0x00000257a2586800
RSI=0x00000257c7816bb8 points into unknown readable memory: 78 34 eb c7 57 02 00 00
RDI=0x000000c6b88fddf0 is pointing into the stack for thread: 0x00000257a2586800
R8 =0x00000257c7816bb8 points into unknown readable memory: 78 34 eb c7 57 02 00 00
R9 =0x000000c6b88fe288 is pointing into the stack for thread: 0x00000257a2586800
R10=0x000000c6b88fe2a8 is pointing into the stack for thread: 0x00000257a2586800
R11=0x0 is NULL
R12=0x0 is NULL
R13=0x00000257c69e4718 is pointing into metadata
R14=0x00000257c7856ea0 points into unknown readable memory: e0 fb 5e c7 57 02 00 00
R15=0x000000c6b88fddf0 is pointing into the stack for thread: 0x00000257a2586800


Registers:
RAX=0x00000257c7856ea0, RBX=0x00000000ffffffff, RCX=0x0000000000000000, RDX=0x000000c6b88fe2a8
RSP=0x000000c6b88fdb10, RBP=0x000000c6b88fdc10, RSI=0x00000257c7816bb8, RDI=0x000000c6b88fddf0
R8 =0x00000257c7816bb8, R9 =0x000000c6b88fe288, R10=0x000000c6b88fe2a8, R11=0x0000000000000000
R12=0x0000000000000000, R13=0x00000257c69e4718, R14=0x00000257c7856ea0, R15=0x000000c6b88fddf0
RIP=0x00007ffb2a06d427, EFLAGS=0x0000000000010246

Top of Stack: (sp=0x000000c6b88fdb10)
0x000000c6b88fdb10:   00000257c7816c10 00000257c7816bb8
0x000000c6b88fdb20:   000000c6b88fddf0 0000000000000009
0x000000c6b88fdb30:   00007ffb2c5f1d88 0000000000000007
0x000000c6b88fdb40:   00007ffb2c63c450 0000000000000006
0x000000c6b88fdb50:   00007ffb2bf2c5d8 0000000000000004
0x000000c6b88fdb60:   00000257c7856ea0 0000000000000008
0x000000c6b88fdb70:   00007ffb2c63c468 000000000000000d
0x000000c6b88fdb80:   00007ffb2c63c478 000000000000000e
0x000000c6b88fdb90:   00007ffb2c63c424 0000000000000006
0x000000c6b88fdba0:   00007ffb2c63c488 0000000000000009
0x000000c6b88fdbb0:   000000c6b88fddf0 0000000000000008
0x000000c6b88fdbc0:   00007ffb2c63c498 000000000000000b
0x000000c6b88fdbd0:   00007ffb2c63c4a8 0000000000000007
0x000000c6b88fdbe0:   000000c6b88fde28 0000000000000000
0x000000c6b88fdbf0:   00007ffb2c3a3b64 0000000000000006
0x000000c6b88fdc00:   00007ffb2cbcf968 0000000000000000 

Instructions: (pc=0x00007ffb2a06d427)
0x00007ffb2a06d327:   00 00 8b 46 20 83 e0 0f 3c 0a 75 0c 48 8d 05 66
0x00007ffb2a06d337:   0b ef 01 e9 4d ff ff ff 41 8b 46 0c ff c8 3b c3
0x00007ffb2a06d347:   0f 84 d2 00 00 00 49 8b 1f 48 8d 05 79 0b ef 01
0x00007ffb2a06d357:   66 c7 44 24 40 03 01 48 89 44 24 30 48 85 db 74
0x00007ffb2a06d367:   2a 48 8b d3 48 8d 4c 24 30 e8 db bd b4 00 48 8b
0x00007ffb2a06d377:   43 18 48 3b 43 10 72 0c b2 0a 48 8b cb e8 17 ed
0x00007ffb2a06d387:   b5 00 eb 07 c6 00 0a 48 ff 43 18 49 8b 17 41 c6
0x00007ffb2a06d397:   87 80 00 00 00 01 48 85 d2 0f 84 e0 05 00 00 80
0x00007ffb2a06d3a7:   7e 10 18 48 8b ce 72 0e 45 33 c9 4d 8d 47 10 e8
0x00007ffb2a06d3b7:   65 09 ee ff eb 0c 4d 8d 4f 10 41 b0 01 e8 97 11
0x00007ffb2a06d3c7:   ee ff 49 8b 07 48 8b 48 18 48 3b 48 10 72 0c b2
0x00007ffb2a06d3d7:   0a 48 8b c8 e8 c0 ec b5 00 eb 07 c6 01 0a 48 ff
0x00007ffb2a06d3e7:   40 18 49 8b 07 48 8b 48 18 48 3b 48 10 72 0c b2
0x00007ffb2a06d3f7:   20 48 8b c8 e8 a0 ec b5 00 eb 07 c6 01 20 48 ff
0x00007ffb2a06d407:   40 18 45 33 c9 45 33 c0 48 8b d0 49 8b ce e8 86
0x00007ffb2a06d417:   fc ed ff e9 67 05 00 00 48 8b 46 18 48 8b 48 10
0x00007ffb2a06d427:   48 8b 01 80 78 08 0d 0f 84 98 0e 00 00 33 d2 48
0x00007ffb2a06d437:   89 bc 24 80 02 00 00 48 8d 8e 80 00 00 00 44 8d
0x00007ffb2a06d447:   42 37 e8 42 f2 ef ff 84 c0 75 19 ba 01 00 00 00
0x00007ffb2a06d457:   48 8d 8e 80 00 00 00 44 8d 42 36 e8 29 f2 ef ff
0x00007ffb2a06d467:   84 c0 74 1a 48 8b 46 18 48 8b 48 10 48 8b 01 80
0x00007ffb2a06d477:   78 08 07 74 09 48 8d 05 bd 0a ef 01 eb 30 48 8b
0x00007ffb2a06d487:   86 80 00 00 00 48 8d 4c 24 58 48 89 45 90 41 8b
0x00007ffb2a06d497:   5e 0c 48 89 44 24 58 e8 ed e3 ef ff 8d 4b 01 3b
0x00007ffb2a06d4a7:   c1 0f 86 a4 00 00 00 48 8d 05 ab 0a ef 01 49 8b
0x00007ffb2a06d4b7:   1f 66 c7 44 24 40 03 01 48 89 44 24 30 48 85 db
0x00007ffb2a06d4c7:   74 2a 48 8b d3 48 8d 4c 24 30 e8 7a bc b4 00 48
0x00007ffb2a06d4d7:   8b 43 18 48 3b 43 10 72 0c b2 0a 48 8b cb e8 b6
0x00007ffb2a06d4e7:   eb b5 00 eb 07 c6 00 0a 48 ff 43 18 49 8b 17 41
0x00007ffb2a06d4f7:   c6 87 80 00 00 00 01 48 85 d2 0f 84 77 04 00 00
0x00007ffb2a06d507:   80 7e 10 18 48 8b ce 72 0e 45 33 c9 4d 8d 47 10
0x00007ffb2a06d517:   e8 04 08 ee ff eb 0c 4d 8d 4f 10 41 b0 01 e8 36 


Stack slot to memory mapping:
stack at sp + 0 slots: 0x00000257c7816c10 points into unknown readable memory: 10 6c 81 c7 57 02 00 00
stack at sp + 1 slots: 0x00000257c7816bb8 points into unknown readable memory: 78 34 eb c7 57 02 00 00
stack at sp + 2 slots: 0x000000c6b88fddf0 is pointing into the stack for thread: 0x00000257a2586800
stack at sp + 3 slots: 0x0000000000000009 is an unknown value
stack at sp + 4 slots: 0x00007ffb2c5f1d88 jniLLVM.dll
stack at sp + 5 slots: 0x0000000000000007 is an unknown value
stack at sp + 6 slots: 0x00007ffb2c63c450 jniLLVM.dll
stack at sp + 7 slots: 0x0000000000000006 is an unknown value


---------------  P R O C E S S  ---------------

Threads class SMR info:
_java_thread_list=0x00000257c7eb5880, length=12, elements={
0x00000257a2586800, 0x00000257c653a800, 0x00000257c653f800, 0x00000257c654e000,
0x00000257c6ddc800, 0x00000257c6dde800, 0x00000257c6de0000, 0x00000257c6de4800,
0x00000257c6f2c800, 0x00000257c6f53800, 0x00000257c7144000, 0x00000257c710a000
}

Java Threads: ( => current thread )
=>0x00000257a2586800 JavaThread "main" [_thread_in_native, id=21320, stack(0x000000c6b8800000,0x000000c6b8900000)]
  0x00000257c653a800 JavaThread "Reference Handler" daemon [_thread_blocked, id=17820, stack(0x000000c6b8f00000,0x000000c6b9000000)]
  0x00000257c653f800 JavaThread "Finalizer" daemon [_thread_blocked, id=24916, stack(0x000000c6b9000000,0x000000c6b9100000)]
  0x00000257c654e000 JavaThread "Signal Dispatcher" daemon [_thread_blocked, id=16804, stack(0x000000c6b9100000,0x000000c6b9200000)]
  0x00000257c6ddc800 JavaThread "Attach Listener" daemon [_thread_blocked, id=22244, stack(0x000000c6b9200000,0x000000c6b9300000)]
  0x00000257c6dde800 JavaThread "C2 CompilerThread0" daemon [_thread_blocked, id=10192, stack(0x000000c6b9300000,0x000000c6b9400000)]
  0x00000257c6de0000 JavaThread "C1 CompilerThread0" daemon [_thread_blocked, id=19920, stack(0x000000c6b9400000,0x000000c6b9500000)]
  0x00000257c6de4800 JavaThread "Sweeper thread" daemon [_thread_blocked, id=17388, stack(0x000000c6b9500000,0x000000c6b9600000)]
  0x00000257c6f2c800 JavaThread "Service Thread" daemon [_thread_blocked, id=15556, stack(0x000000c6b9600000,0x000000c6b9700000)]
  0x00000257c6f53800 JavaThread "Common-Cleaner" daemon [_thread_blocked, id=1580, stack(0x000000c6b9800000,0x000000c6b9900000)]
  0x00000257c7144000 JavaThread "Monitor Ctrl-Break" daemon [_thread_in_native, id=18372, stack(0x000000c6b9a00000,0x000000c6b9b00000)]
  0x00000257c710a000 JavaThread "JavaCPP Deallocator" daemon [_thread_blocked, id=16324, stack(0x000000c6b9b00000,0x000000c6b9c00000)]

Other Threads:
  0x00000257c6539800 VMThread "VM Thread" [stack: 0x000000c6b8e00000,0x000000c6b8f00000] [id=9944]
  0x00000257c6f64800 WatcherThread [stack: 0x000000c6b9700000,0x000000c6b9800000] [id=21352]
  0x00000257a25f1000 GCTaskThread "GC Thread#0" [stack: 0x000000c6b8900000,0x000000c6b8a00000] [id=20764]
  0x00000257c74af000 GCTaskThread "GC Thread#1" [stack: 0x000000c6b9c00000,0x000000c6b9d00000] [id=5656]
  0x00000257c74b0000 GCTaskThread "GC Thread#2" [stack: 0x000000c6b9d00000,0x000000c6b9e00000] [id=4880]
  0x00000257c773e000 GCTaskThread "GC Thread#3" [stack: 0x000000c6b9e00000,0x000000c6b9f00000] [id=25112]
  0x00000257c773f000 GCTaskThread "GC Thread#4" [stack: 0x000000c6b9f00000,0x000000c6ba000000] [id=25180]
  0x00000257c73c3000 GCTaskThread "GC Thread#5" [stack: 0x000000c6ba000000,0x000000c6ba100000] [id=13696]
  0x00000257a2612800 ConcurrentGCThread "G1 Main Marker" [stack: 0x000000c6b8a00000,0x000000c6b8b00000] [id=18936]
  0x00000257a2613800 ConcurrentGCThread "G1 Conc#0" [stack: 0x000000c6b8b00000,0x000000c6b8c00000] [id=24924]
  0x00000257c6424800 ConcurrentGCThread "G1 Refine#0" [stack: 0x000000c6b8c00000,0x000000c6b8d00000] [id=11648]
  0x00000257c6426800 ConcurrentGCThread "G1 Young RemSet Sampling" [stack: 0x000000c6b8d00000,0x000000c6b8e00000] [id=3964]

Threads with active compile tasks:

VM state:not at safepoint (normal execution)

VM Mutex/Monitor currently owned by a thread: None

Heap address: 0x0000000702400000, size: 4060 MB, Compressed Oops mode: Zero based, Oop shift amount: 3
Narrow klass base: 0x0000000800000000, Narrow klass shift: 3
Compressed class space size: 1073741824 Address: 0x0000000800b40000

Heap:
 garbage-first heap   total 260096K, used 135317K [0x0000000702400000, 0x0000000800000000)
  region size 1024K, 131 young (134144K), 3 survivors (3072K)
 Metaspace       used 2871K, capacity 5513K, committed 5760K, reserved 1056768K
  class space    used 231K, capacity 515K, committed 640K, reserved 1048576K
Heap Regions: E=young(eden), S=young(survivor), O=old, HS=humongous(starts), HC=humongous(continues), CS=collection set, F=free, A=archive, TAMS=top-at-mark-start (previous, next)
|   0|0x0000000702400000, 0x0000000702500000, 0x0000000702500000|100%| O|  |TAMS 0x0000000702400000, 0x0000000702400000| Untracked 
|   1|0x0000000702500000, 0x0000000702600000, 0x0000000702600000|100%| O|  |TAMS 0x0000000702500000, 0x0000000702500000| Untracked 
|   2|0x0000000702600000, 0x0000000702625600, 0x0000000702700000| 14%| O|  |TAMS 0x0000000702600000, 0x0000000702600000| Untracked 
|   3|0x0000000702700000, 0x0000000702700000, 0x0000000702800000|  0%| F|  |TAMS 0x0000000702700000, 0x0000000702700000| Untracked 
|   4|0x0000000702800000, 0x0000000702800000, 0x0000000702900000|  0%| F|  |TAMS 0x0000000702800000, 0x0000000702800000| Untracked 
|   5|0x0000000702900000, 0x0000000702900000, 0x0000000702a00000|  0%| F|  |TAMS 0x0000000702900000, 0x0000000702900000| Untracked 
|   6|0x0000000702a00000, 0x0000000702a00000, 0x0000000702b00000|  0%| F|  |TAMS 0x0000000702a00000, 0x0000000702a00000| Untracked 
|   7|0x0000000702b00000, 0x0000000702b00000, 0x0000000702c00000|  0%| F|  |TAMS 0x0000000702b00000, 0x0000000702b00000| Untracked 
|   8|0x0000000702c00000, 0x0000000702c00000, 0x0000000702d00000|  0%| F|  |TAMS 0x0000000702c00000, 0x0000000702c00000| Untracked 
|   9|0x0000000702d00000, 0x0000000702d00000, 0x0000000702e00000|  0%| F|  |TAMS 0x0000000702d00000, 0x0000000702d00000| Untracked 
|  10|0x0000000702e00000, 0x0000000702e00000, 0x0000000702f00000|  0%| F|  |TAMS 0x0000000702e00000, 0x0000000702e00000| Untracked 
|  11|0x0000000702f00000, 0x0000000702f00000, 0x0000000703000000|  0%| F|  |TAMS 0x0000000702f00000, 0x0000000702f00000| Untracked 
|  12|0x0000000703000000, 0x0000000703000000, 0x0000000703100000|  0%| F|  |TAMS 0x0000000703000000, 0x0000000703000000| Untracked 
|  13|0x0000000703100000, 0x0000000703100000, 0x0000000703200000|  0%| F|  |TAMS 0x0000000703100000, 0x0000000703100000| Untracked 
|  14|0x0000000703200000, 0x0000000703200000, 0x0000000703300000|  0%| F|  |TAMS 0x0000000703200000, 0x0000000703200000| Untracked 
|  15|0x0000000703300000, 0x0000000703300000, 0x0000000703400000|  0%| F|  |TAMS 0x0000000703300000, 0x0000000703300000| Untracked 
|  16|0x0000000703400000, 0x0000000703400000, 0x0000000703500000|  0%| F|  |TAMS 0x0000000703400000, 0x0000000703400000| Untracked 
|  17|0x0000000703500000, 0x0000000703500000, 0x0000000703600000|  0%| F|  |TAMS 0x0000000703500000, 0x0000000703500000| Untracked 
|  18|0x0000000703600000, 0x0000000703600000, 0x0000000703700000|  0%| F|  |TAMS 0x0000000703600000, 0x0000000703600000| Untracked 
|  19|0x0000000703700000, 0x0000000703700000, 0x0000000703800000|  0%| F|  |TAMS 0x0000000703700000, 0x0000000703700000| Untracked 
|  20|0x0000000703800000, 0x0000000703800000, 0x0000000703900000|  0%| F|  |TAMS 0x0000000703800000, 0x0000000703800000| Untracked 
|  21|0x0000000703900000, 0x0000000703900000, 0x0000000703a00000|  0%| F|  |TAMS 0x0000000703900000, 0x0000000703900000| Untracked 
|  22|0x0000000703a00000, 0x0000000703a00000, 0x0000000703b00000|  0%| F|  |TAMS 0x0000000703a00000, 0x0000000703a00000| Untracked 
|  23|0x0000000703b00000, 0x0000000703b00000, 0x0000000703c00000|  0%| F|  |TAMS 0x0000000703b00000, 0x0000000703b00000| Untracked 
|  24|0x0000000703c00000, 0x0000000703c00000, 0x0000000703d00000|  0%| F|  |TAMS 0x0000000703c00000, 0x0000000703c00000| Untracked 
|  25|0x0000000703d00000, 0x0000000703d00000, 0x0000000703e00000|  0%| F|  |TAMS 0x0000000703d00000, 0x0000000703d00000| Untracked 
|  26|0x0000000703e00000, 0x0000000703e00000, 0x0000000703f00000|  0%| F|  |TAMS 0x0000000703e00000, 0x0000000703e00000| Untracked 
|  27|0x0000000703f00000, 0x0000000703f00000, 0x0000000704000000|  0%| F|  |TAMS 0x0000000703f00000, 0x0000000703f00000| Untracked 
|  28|0x0000000704000000, 0x0000000704000000, 0x0000000704100000|  0%| F|  |TAMS 0x0000000704000000, 0x0000000704000000| Untracked 
|  29|0x0000000704100000, 0x0000000704100000, 0x0000000704200000|  0%| F|  |TAMS 0x0000000704100000, 0x0000000704100000| Untracked 
|  30|0x0000000704200000, 0x0000000704200000, 0x0000000704300000|  0%| F|  |TAMS 0x0000000704200000, 0x0000000704200000| Untracked 
|  31|0x0000000704300000, 0x0000000704300000, 0x0000000704400000|  0%| F|  |TAMS 0x0000000704300000, 0x0000000704300000| Untracked 
|  32|0x0000000704400000, 0x0000000704400000, 0x0000000704500000|  0%| F|  |TAMS 0x0000000704400000, 0x0000000704400000| Untracked 
|  33|0x0000000704500000, 0x0000000704500000, 0x0000000704600000|  0%| F|  |TAMS 0x0000000704500000, 0x0000000704500000| Untracked 
|  34|0x0000000704600000, 0x0000000704600000, 0x0000000704700000|  0%| F|  |TAMS 0x0000000704600000, 0x0000000704600000| Untracked 
|  35|0x0000000704700000, 0x0000000704700000, 0x0000000704800000|  0%| F|  |TAMS 0x0000000704700000, 0x0000000704700000| Untracked 
|  36|0x0000000704800000, 0x0000000704800000, 0x0000000704900000|  0%| F|  |TAMS 0x0000000704800000, 0x0000000704800000| Untracked 
|  37|0x0000000704900000, 0x0000000704900000, 0x0000000704a00000|  0%| F|  |TAMS 0x0000000704900000, 0x0000000704900000| Untracked 
|  38|0x0000000704a00000, 0x0000000704a00000, 0x0000000704b00000|  0%| F|  |TAMS 0x0000000704a00000, 0x0000000704a00000| Untracked 
|  39|0x0000000704b00000, 0x0000000704b00000, 0x0000000704c00000|  0%| F|  |TAMS 0x0000000704b00000, 0x0000000704b00000| Untracked 
|  40|0x0000000704c00000, 0x0000000704c00000, 0x0000000704d00000|  0%| F|  |TAMS 0x0000000704c00000, 0x0000000704c00000| Untracked 
|  41|0x0000000704d00000, 0x0000000704d00000, 0x0000000704e00000|  0%| F|  |TAMS 0x0000000704d00000, 0x0000000704d00000| Untracked 
|  42|0x0000000704e00000, 0x0000000704e00000, 0x0000000704f00000|  0%| F|  |TAMS 0x0000000704e00000, 0x0000000704e00000| Untracked 
|  43|0x0000000704f00000, 0x0000000704f00000, 0x0000000705000000|  0%| F|  |TAMS 0x0000000704f00000, 0x0000000704f00000| Untracked 
|  44|0x0000000705000000, 0x0000000705000000, 0x0000000705100000|  0%| F|  |TAMS 0x0000000705000000, 0x0000000705000000| Untracked 
|  45|0x0000000705100000, 0x0000000705100000, 0x0000000705200000|  0%| F|  |TAMS 0x0000000705100000, 0x0000000705100000| Untracked 
|  46|0x0000000705200000, 0x0000000705200000, 0x0000000705300000|  0%| F|  |TAMS 0x0000000705200000, 0x0000000705200000| Untracked 
|  47|0x0000000705300000, 0x0000000705300000, 0x0000000705400000|  0%| F|  |TAMS 0x0000000705300000, 0x0000000705300000| Untracked 
|  48|0x0000000705400000, 0x0000000705400000, 0x0000000705500000|  0%| F|  |TAMS 0x0000000705400000, 0x0000000705400000| Untracked 
|  49|0x0000000705500000, 0x0000000705500000, 0x0000000705600000|  0%| F|  |TAMS 0x0000000705500000, 0x0000000705500000| Untracked 
|  50|0x0000000705600000, 0x0000000705600000, 0x0000000705700000|  0%| F|  |TAMS 0x0000000705600000, 0x0000000705600000| Untracked 
|  51|0x0000000705700000, 0x0000000705700000, 0x0000000705800000|  0%| F|  |TAMS 0x0000000705700000, 0x0000000705700000| Untracked 
|  52|0x0000000705800000, 0x0000000705800000, 0x0000000705900000|  0%| F|  |TAMS 0x0000000705800000, 0x0000000705800000| Untracked 
|  53|0x0000000705900000, 0x0000000705900000, 0x0000000705a00000|  0%| F|  |TAMS 0x0000000705900000, 0x0000000705900000| Untracked 
|  54|0x0000000705a00000, 0x0000000705a00000, 0x0000000705b00000|  0%| F|  |TAMS 0x0000000705a00000, 0x0000000705a00000| Untracked 
|  55|0x0000000705b00000, 0x0000000705b00000, 0x0000000705c00000|  0%| F|  |TAMS 0x0000000705b00000, 0x0000000705b00000| Untracked 
|  56|0x0000000705c00000, 0x0000000705c00000, 0x0000000705d00000|  0%| F|  |TAMS 0x0000000705c00000, 0x0000000705c00000| Untracked 
|  57|0x0000000705d00000, 0x0000000705d00000, 0x0000000705e00000|  0%| F|  |TAMS 0x0000000705d00000, 0x0000000705d00000| Untracked 
|  58|0x0000000705e00000, 0x0000000705e00000, 0x0000000705f00000|  0%| F|  |TAMS 0x0000000705e00000, 0x0000000705e00000| Untracked 
|  59|0x0000000705f00000, 0x0000000705f00000, 0x0000000706000000|  0%| F|  |TAMS 0x0000000705f00000, 0x0000000705f00000| Untracked 
|  60|0x0000000706000000, 0x0000000706000000, 0x0000000706100000|  0%| F|  |TAMS 0x0000000706000000, 0x0000000706000000| Untracked 
|  61|0x0000000706100000, 0x0000000706100000, 0x0000000706200000|  0%| F|  |TAMS 0x0000000706100000, 0x0000000706100000| Untracked 
|  62|0x0000000706200000, 0x0000000706200000, 0x0000000706300000|  0%| F|  |TAMS 0x0000000706200000, 0x0000000706200000| Untracked 
|  63|0x0000000706300000, 0x0000000706300000, 0x0000000706400000|  0%| F|  |TAMS 0x0000000706300000, 0x0000000706300000| Untracked 
|  64|0x0000000706400000, 0x0000000706400000, 0x0000000706500000|  0%| F|  |TAMS 0x0000000706400000, 0x0000000706400000| Untracked 
|  65|0x0000000706500000, 0x0000000706500000, 0x0000000706600000|  0%| F|  |TAMS 0x0000000706500000, 0x0000000706500000| Untracked 
|  66|0x0000000706600000, 0x0000000706600000, 0x0000000706700000|  0%| F|  |TAMS 0x0000000706600000, 0x0000000706600000| Untracked 
|  67|0x0000000706700000, 0x0000000706700000, 0x0000000706800000|  0%| F|  |TAMS 0x0000000706700000, 0x0000000706700000| Untracked 
|  68|0x0000000706800000, 0x0000000706800000, 0x0000000706900000|  0%| F|  |TAMS 0x0000000706800000, 0x0000000706800000| Untracked 
|  69|0x0000000706900000, 0x0000000706900000, 0x0000000706a00000|  0%| F|  |TAMS 0x0000000706900000, 0x0000000706900000| Untracked 
|  70|0x0000000706a00000, 0x0000000706a00000, 0x0000000706b00000|  0%| F|  |TAMS 0x0000000706a00000, 0x0000000706a00000| Untracked 
|  71|0x0000000706b00000, 0x0000000706b00000, 0x0000000706c00000|  0%| F|  |TAMS 0x0000000706b00000, 0x0000000706b00000| Untracked 
|  72|0x0000000706c00000, 0x0000000706c00000, 0x0000000706d00000|  0%| F|  |TAMS 0x0000000706c00000, 0x0000000706c00000| Untracked 
|  73|0x0000000706d00000, 0x0000000706d00000, 0x0000000706e00000|  0%| F|  |TAMS 0x0000000706d00000, 0x0000000706d00000| Untracked 
|  74|0x0000000706e00000, 0x0000000706e00000, 0x0000000706f00000|  0%| F|  |TAMS 0x0000000706e00000, 0x0000000706e00000| Untracked 
|  75|0x0000000706f00000, 0x0000000706f00000, 0x0000000707000000|  0%| F|  |TAMS 0x0000000706f00000, 0x0000000706f00000| Untracked 
|  76|0x0000000707000000, 0x0000000707000000, 0x0000000707100000|  0%| F|  |TAMS 0x0000000707000000, 0x0000000707000000| Untracked 
|  77|0x0000000707100000, 0x0000000707100000, 0x0000000707200000|  0%| F|  |TAMS 0x0000000707100000, 0x0000000707100000| Untracked 
|  78|0x0000000707200000, 0x0000000707200000, 0x0000000707300000|  0%| F|  |TAMS 0x0000000707200000, 0x0000000707200000| Untracked 
|  79|0x0000000707300000, 0x0000000707300000, 0x0000000707400000|  0%| F|  |TAMS 0x0000000707300000, 0x0000000707300000| Untracked 
|  80|0x0000000707400000, 0x0000000707400000, 0x0000000707500000|  0%| F|  |TAMS 0x0000000707400000, 0x0000000707400000| Untracked 
|  81|0x0000000707500000, 0x0000000707500000, 0x0000000707600000|  0%| F|  |TAMS 0x0000000707500000, 0x0000000707500000| Untracked 
|  82|0x0000000707600000, 0x0000000707600000, 0x0000000707700000|  0%| F|  |TAMS 0x0000000707600000, 0x0000000707600000| Untracked 
|  83|0x0000000707700000, 0x0000000707700000, 0x0000000707800000|  0%| F|  |TAMS 0x0000000707700000, 0x0000000707700000| Untracked 
|  84|0x0000000707800000, 0x0000000707800000, 0x0000000707900000|  0%| F|  |TAMS 0x0000000707800000, 0x0000000707800000| Untracked 
|  85|0x0000000707900000, 0x0000000707900000, 0x0000000707a00000|  0%| F|  |TAMS 0x0000000707900000, 0x0000000707900000| Untracked 
|  86|0x0000000707a00000, 0x0000000707a00000, 0x0000000707b00000|  0%| F|  |TAMS 0x0000000707a00000, 0x0000000707a00000| Untracked 
|  87|0x0000000707b00000, 0x0000000707b00000, 0x0000000707c00000|  0%| F|  |TAMS 0x0000000707b00000, 0x0000000707b00000| Untracked 
|  88|0x0000000707c00000, 0x0000000707c00000, 0x0000000707d00000|  0%| F|  |TAMS 0x0000000707c00000, 0x0000000707c00000| Untracked 
|  89|0x0000000707d00000, 0x0000000707d00000, 0x0000000707e00000|  0%| F|  |TAMS 0x0000000707d00000, 0x0000000707d00000| Untracked 
|  90|0x0000000707e00000, 0x0000000707e00000, 0x0000000707f00000|  0%| F|  |TAMS 0x0000000707e00000, 0x0000000707e00000| Untracked 
|  91|0x0000000707f00000, 0x0000000707f00000, 0x0000000708000000|  0%| F|  |TAMS 0x0000000707f00000, 0x0000000707f00000| Untracked 
|  92|0x0000000708000000, 0x0000000708000000, 0x0000000708100000|  0%| F|  |TAMS 0x0000000708000000, 0x0000000708000000| Untracked 
|  93|0x0000000708100000, 0x0000000708100000, 0x0000000708200000|  0%| F|  |TAMS 0x0000000708100000, 0x0000000708100000| Untracked 
|  94|0x0000000708200000, 0x0000000708200000, 0x0000000708300000|  0%| F|  |TAMS 0x0000000708200000, 0x0000000708200000| Untracked 
|  95|0x0000000708300000, 0x0000000708300000, 0x0000000708400000|  0%| F|  |TAMS 0x0000000708300000, 0x0000000708300000| Untracked 
|  96|0x0000000708400000, 0x0000000708400000, 0x0000000708500000|  0%| F|  |TAMS 0x0000000708400000, 0x0000000708400000| Untracked 
|  97|0x0000000708500000, 0x0000000708500000, 0x0000000708600000|  0%| F|  |TAMS 0x0000000708500000, 0x0000000708500000| Untracked 
|  98|0x0000000708600000, 0x0000000708600000, 0x0000000708700000|  0%| F|  |TAMS 0x0000000708600000, 0x0000000708600000| Untracked 
|  99|0x0000000708700000, 0x0000000708700000, 0x0000000708800000|  0%| F|  |TAMS 0x0000000708700000, 0x0000000708700000| Untracked 
| 100|0x0000000708800000, 0x0000000708800000, 0x0000000708900000|  0%| F|  |TAMS 0x0000000708800000, 0x0000000708800000| Untracked 
| 101|0x0000000708900000, 0x0000000708900000, 0x0000000708a00000|  0%| F|  |TAMS 0x0000000708900000, 0x0000000708900000| Untracked 
| 102|0x0000000708a00000, 0x0000000708a00000, 0x0000000708b00000|  0%| F|  |TAMS 0x0000000708a00000, 0x0000000708a00000| Untracked 
| 103|0x0000000708b00000, 0x0000000708b00000, 0x0000000708c00000|  0%| F|  |TAMS 0x0000000708b00000, 0x0000000708b00000| Untracked 
| 104|0x0000000708c00000, 0x0000000708c00000, 0x0000000708d00000|  0%| F|  |TAMS 0x0000000708c00000, 0x0000000708c00000| Untracked 
| 105|0x0000000708d00000, 0x0000000708d00000, 0x0000000708e00000|  0%| F|  |TAMS 0x0000000708d00000, 0x0000000708d00000| Untracked 
| 106|0x0000000708e00000, 0x0000000708e00000, 0x0000000708f00000|  0%| F|  |TAMS 0x0000000708e00000, 0x0000000708e00000| Untracked 
| 107|0x0000000708f00000, 0x0000000708f00000, 0x0000000709000000|  0%| F|  |TAMS 0x0000000708f00000, 0x0000000708f00000| Untracked 
| 108|0x0000000709000000, 0x0000000709000000, 0x0000000709100000|  0%| F|  |TAMS 0x0000000709000000, 0x0000000709000000| Untracked 
| 109|0x0000000709100000, 0x0000000709100000, 0x0000000709200000|  0%| F|  |TAMS 0x0000000709100000, 0x0000000709100000| Untracked 
| 110|0x0000000709200000, 0x0000000709200000, 0x0000000709300000|  0%| F|  |TAMS 0x0000000709200000, 0x0000000709200000| Untracked 
| 111|0x0000000709300000, 0x0000000709300000, 0x0000000709400000|  0%| F|  |TAMS 0x0000000709300000, 0x0000000709300000| Untracked 
| 112|0x0000000709400000, 0x0000000709400000, 0x0000000709500000|  0%| F|  |TAMS 0x0000000709400000, 0x0000000709400000| Untracked 
| 113|0x0000000709500000, 0x0000000709500000, 0x0000000709600000|  0%| F|  |TAMS 0x0000000709500000, 0x0000000709500000| Untracked 
| 114|0x0000000709600000, 0x0000000709600000, 0x0000000709700000|  0%| F|  |TAMS 0x0000000709600000, 0x0000000709600000| Untracked 
| 115|0x0000000709700000, 0x0000000709700000, 0x0000000709800000|  0%| F|  |TAMS 0x0000000709700000, 0x0000000709700000| Untracked 
| 116|0x0000000709800000, 0x0000000709800000, 0x0000000709900000|  0%| F|  |TAMS 0x0000000709800000, 0x0000000709800000| Untracked 
| 117|0x0000000709900000, 0x0000000709900000, 0x0000000709a00000|  0%| F|  |TAMS 0x0000000709900000, 0x0000000709900000| Untracked 
| 118|0x0000000709a00000, 0x0000000709a00000, 0x0000000709b00000|  0%| F|  |TAMS 0x0000000709a00000, 0x0000000709a00000| Untracked 
| 119|0x0000000709b00000, 0x0000000709b00000, 0x0000000709c00000|  0%| F|  |TAMS 0x0000000709b00000, 0x0000000709b00000| Untracked 
| 120|0x0000000709c00000, 0x0000000709c00000, 0x0000000709d00000|  0%| F|  |TAMS 0x0000000709c00000, 0x0000000709c00000| Untracked 
| 121|0x0000000709d00000, 0x0000000709d00000, 0x0000000709e00000|  0%| F|  |TAMS 0x0000000709d00000, 0x0000000709d00000| Untracked 
| 122|0x0000000709e00000, 0x0000000709e00000, 0x0000000709f00000|  0%| F|  |TAMS 0x0000000709e00000, 0x0000000709e00000| Untracked 
| 123|0x0000000709f00000, 0x0000000709f80800, 0x000000070a000000| 50%| E|  |TAMS 0x0000000709f00000, 0x0000000709f00000| Complete 
| 124|0x000000070a000000, 0x000000070a100000, 0x000000070a100000|100%| E|CS|TAMS 0x000000070a000000, 0x000000070a000000| Complete 
| 125|0x000000070a100000, 0x000000070a200000, 0x000000070a200000|100%| E|CS|TAMS 0x000000070a100000, 0x000000070a100000| Complete 
| 126|0x000000070a200000, 0x000000070a300000, 0x000000070a300000|100%| E|CS|TAMS 0x000000070a200000, 0x000000070a200000| Complete 
| 127|0x000000070a300000, 0x000000070a400000, 0x000000070a400000|100%| E|CS|TAMS 0x000000070a300000, 0x000000070a300000| Complete 
| 128|0x000000070a400000, 0x000000070a500000, 0x000000070a500000|100%| E|CS|TAMS 0x000000070a400000, 0x000000070a400000| Complete 
| 129|0x000000070a500000, 0x000000070a600000, 0x000000070a600000|100%| E|CS|TAMS 0x000000070a500000, 0x000000070a500000| Complete 
| 130|0x000000070a600000, 0x000000070a700000, 0x000000070a700000|100%| E|CS|TAMS 0x000000070a600000, 0x000000070a600000| Complete 
| 131|0x000000070a700000, 0x000000070a800000, 0x000000070a800000|100%| E|CS|TAMS 0x000000070a700000, 0x000000070a700000| Complete 
| 132|0x000000070a800000, 0x000000070a900000, 0x000000070a900000|100%| E|CS|TAMS 0x000000070a800000, 0x000000070a800000| Complete 
| 133|0x000000070a900000, 0x000000070aa00000, 0x000000070aa00000|100%| E|CS|TAMS 0x000000070a900000, 0x000000070a900000| Complete 
| 134|0x000000070aa00000, 0x000000070ab00000, 0x000000070ab00000|100%| E|CS|TAMS 0x000000070aa00000, 0x000000070aa00000| Complete 
| 135|0x000000070ab00000, 0x000000070ac00000, 0x000000070ac00000|100%| E|CS|TAMS 0x000000070ab00000, 0x000000070ab00000| Complete 
| 136|0x000000070ac00000, 0x000000070ad00000, 0x000000070ad00000|100%| E|CS|TAMS 0x000000070ac00000, 0x000000070ac00000| Complete 
| 137|0x000000070ad00000, 0x000000070ae00000, 0x000000070ae00000|100%| E|CS|TAMS 0x000000070ad00000, 0x000000070ad00000| Complete 
| 138|0x000000070ae00000, 0x000000070af00000, 0x000000070af00000|100%| E|CS|TAMS 0x000000070ae00000, 0x000000070ae00000| Complete 
| 139|0x000000070af00000, 0x000000070b000000, 0x000000070b000000|100%| E|CS|TAMS 0x000000070af00000, 0x000000070af00000| Complete 
| 140|0x000000070b000000, 0x000000070b100000, 0x000000070b100000|100%| E|CS|TAMS 0x000000070b000000, 0x000000070b000000| Complete 
| 141|0x000000070b100000, 0x000000070b200000, 0x000000070b200000|100%| E|CS|TAMS 0x000000070b100000, 0x000000070b100000| Complete 
| 142|0x000000070b200000, 0x000000070b300000, 0x000000070b300000|100%| E|CS|TAMS 0x000000070b200000, 0x000000070b200000| Complete 
| 143|0x000000070b300000, 0x000000070b400000, 0x000000070b400000|100%| E|CS|TAMS 0x000000070b300000, 0x000000070b300000| Complete 
| 144|0x000000070b400000, 0x000000070b500000, 0x000000070b500000|100%| E|CS|TAMS 0x000000070b400000, 0x000000070b400000| Complete 
| 145|0x000000070b500000, 0x000000070b600000, 0x000000070b600000|100%| E|CS|TAMS 0x000000070b500000, 0x000000070b500000| Complete 
| 146|0x000000070b600000, 0x000000070b700000, 0x000000070b700000|100%| E|CS|TAMS 0x000000070b600000, 0x000000070b600000| Complete 
| 147|0x000000070b700000, 0x000000070b800000, 0x000000070b800000|100%| E|CS|TAMS 0x000000070b700000, 0x000000070b700000| Complete 
| 148|0x000000070b800000, 0x000000070b900000, 0x000000070b900000|100%| E|CS|TAMS 0x000000070b800000, 0x000000070b800000| Complete 
| 149|0x000000070b900000, 0x000000070ba00000, 0x000000070ba00000|100%| E|CS|TAMS 0x000000070b900000, 0x000000070b900000| Complete 
| 150|0x000000070ba00000, 0x000000070bb00000, 0x000000070bb00000|100%| E|CS|TAMS 0x000000070ba00000, 0x000000070ba00000| Complete 
| 151|0x000000070bb00000, 0x000000070bc00000, 0x000000070bc00000|100%| E|CS|TAMS 0x000000070bb00000, 0x000000070bb00000| Complete 
| 152|0x000000070bc00000, 0x000000070bd00000, 0x000000070bd00000|100%| E|CS|TAMS 0x000000070bc00000, 0x000000070bc00000| Complete 
| 153|0x000000070bd00000, 0x000000070be00000, 0x000000070be00000|100%| E|CS|TAMS 0x000000070bd00000, 0x000000070bd00000| Complete 
| 154|0x000000070be00000, 0x000000070bf00000, 0x000000070bf00000|100%| E|CS|TAMS 0x000000070be00000, 0x000000070be00000| Complete 
| 155|0x000000070bf00000, 0x000000070c000000, 0x000000070c000000|100%| E|CS|TAMS 0x000000070bf00000, 0x000000070bf00000| Complete 
| 156|0x000000070c000000, 0x000000070c100000, 0x000000070c100000|100%| E|CS|TAMS 0x000000070c000000, 0x000000070c000000| Complete 
| 157|0x000000070c100000, 0x000000070c200000, 0x000000070c200000|100%| E|CS|TAMS 0x000000070c100000, 0x000000070c100000| Complete 
| 158|0x000000070c200000, 0x000000070c300000, 0x000000070c300000|100%| E|CS|TAMS 0x000000070c200000, 0x000000070c200000| Complete 
| 159|0x000000070c300000, 0x000000070c400000, 0x000000070c400000|100%| E|CS|TAMS 0x000000070c300000, 0x000000070c300000| Complete 
| 160|0x000000070c400000, 0x000000070c500000, 0x000000070c500000|100%| E|CS|TAMS 0x000000070c400000, 0x000000070c400000| Complete 
| 161|0x000000070c500000, 0x000000070c600000, 0x000000070c600000|100%| E|CS|TAMS 0x000000070c500000, 0x000000070c500000| Complete 
| 162|0x000000070c600000, 0x000000070c700000, 0x000000070c700000|100%| E|CS|TAMS 0x000000070c600000, 0x000000070c600000| Complete 
| 163|0x000000070c700000, 0x000000070c800000, 0x000000070c800000|100%| E|CS|TAMS 0x000000070c700000, 0x000000070c700000| Complete 
| 164|0x000000070c800000, 0x000000070c900000, 0x000000070c900000|100%| E|CS|TAMS 0x000000070c800000, 0x000000070c800000| Complete 
| 165|0x000000070c900000, 0x000000070ca00000, 0x000000070ca00000|100%| E|CS|TAMS 0x000000070c900000, 0x000000070c900000| Complete 
| 166|0x000000070ca00000, 0x000000070cb00000, 0x000000070cb00000|100%| E|CS|TAMS 0x000000070ca00000, 0x000000070ca00000| Complete 
| 167|0x000000070cb00000, 0x000000070cc00000, 0x000000070cc00000|100%| E|CS|TAMS 0x000000070cb00000, 0x000000070cb00000| Complete 
| 168|0x000000070cc00000, 0x000000070cd00000, 0x000000070cd00000|100%| E|CS|TAMS 0x000000070cc00000, 0x000000070cc00000| Complete 
| 169|0x000000070cd00000, 0x000000070ce00000, 0x000000070ce00000|100%| E|CS|TAMS 0x000000070cd00000, 0x000000070cd00000| Complete 
| 170|0x000000070ce00000, 0x000000070cf00000, 0x000000070cf00000|100%| E|CS|TAMS 0x000000070ce00000, 0x000000070ce00000| Complete 
| 171|0x000000070cf00000, 0x000000070d000000, 0x000000070d000000|100%| E|CS|TAMS 0x000000070cf00000, 0x000000070cf00000| Complete 
| 172|0x000000070d000000, 0x000000070d100000, 0x000000070d100000|100%| E|CS|TAMS 0x000000070d000000, 0x000000070d000000| Complete 
| 173|0x000000070d100000, 0x000000070d200000, 0x000000070d200000|100%| E|CS|TAMS 0x000000070d100000, 0x000000070d100000| Complete 
| 174|0x000000070d200000, 0x000000070d300000, 0x000000070d300000|100%| E|CS|TAMS 0x000000070d200000, 0x000000070d200000| Complete 
| 175|0x000000070d300000, 0x000000070d400000, 0x000000070d400000|100%| E|CS|TAMS 0x000000070d300000, 0x000000070d300000| Complete 
| 176|0x000000070d400000, 0x000000070d500000, 0x000000070d500000|100%| E|CS|TAMS 0x000000070d400000, 0x000000070d400000| Complete 
| 177|0x000000070d500000, 0x000000070d600000, 0x000000070d600000|100%| E|CS|TAMS 0x000000070d500000, 0x000000070d500000| Complete 
| 178|0x000000070d600000, 0x000000070d700000, 0x000000070d700000|100%| E|CS|TAMS 0x000000070d600000, 0x000000070d600000| Complete 
| 179|0x000000070d700000, 0x000000070d800000, 0x000000070d800000|100%| E|CS|TAMS 0x000000070d700000, 0x000000070d700000| Complete 
| 180|0x000000070d800000, 0x000000070d900000, 0x000000070d900000|100%| E|CS|TAMS 0x000000070d800000, 0x000000070d800000| Complete 
| 181|0x000000070d900000, 0x000000070da00000, 0x000000070da00000|100%| E|CS|TAMS 0x000000070d900000, 0x000000070d900000| Complete 
| 182|0x000000070da00000, 0x000000070db00000, 0x000000070db00000|100%| E|CS|TAMS 0x000000070da00000, 0x000000070da00000| Complete 
| 183|0x000000070db00000, 0x000000070dc00000, 0x000000070dc00000|100%| E|CS|TAMS 0x000000070db00000, 0x000000070db00000| Complete 
| 184|0x000000070dc00000, 0x000000070dd00000, 0x000000070dd00000|100%| E|CS|TAMS 0x000000070dc00000, 0x000000070dc00000| Complete 
| 185|0x000000070dd00000, 0x000000070de00000, 0x000000070de00000|100%| E|CS|TAMS 0x000000070dd00000, 0x000000070dd00000| Complete 
| 186|0x000000070de00000, 0x000000070df00000, 0x000000070df00000|100%| E|CS|TAMS 0x000000070de00000, 0x000000070de00000| Complete 
| 187|0x000000070df00000, 0x000000070e000000, 0x000000070e000000|100%| E|CS|TAMS 0x000000070df00000, 0x000000070df00000| Complete 
| 188|0x000000070e000000, 0x000000070e100000, 0x000000070e100000|100%| E|CS|TAMS 0x000000070e000000, 0x000000070e000000| Complete 
| 189|0x000000070e100000, 0x000000070e200000, 0x000000070e200000|100%| E|CS|TAMS 0x000000070e100000, 0x000000070e100000| Complete 
| 190|0x000000070e200000, 0x000000070e300000, 0x000000070e300000|100%| E|CS|TAMS 0x000000070e200000, 0x000000070e200000| Complete 
| 191|0x000000070e300000, 0x000000070e400000, 0x000000070e400000|100%| E|CS|TAMS 0x000000070e300000, 0x000000070e300000| Complete 
| 192|0x000000070e400000, 0x000000070e500000, 0x000000070e500000|100%| E|CS|TAMS 0x000000070e400000, 0x000000070e400000| Complete 
| 193|0x000000070e500000, 0x000000070e600000, 0x000000070e600000|100%| E|CS|TAMS 0x000000070e500000, 0x000000070e500000| Complete 
| 194|0x000000070e600000, 0x000000070e700000, 0x000000070e700000|100%| E|CS|TAMS 0x000000070e600000, 0x000000070e600000| Complete 
| 195|0x000000070e700000, 0x000000070e800000, 0x000000070e800000|100%| E|CS|TAMS 0x000000070e700000, 0x000000070e700000| Complete 
| 196|0x000000070e800000, 0x000000070e900000, 0x000000070e900000|100%| E|CS|TAMS 0x000000070e800000, 0x000000070e800000| Complete 
| 197|0x000000070e900000, 0x000000070ea00000, 0x000000070ea00000|100%| E|CS|TAMS 0x000000070e900000, 0x000000070e900000| Complete 
| 198|0x000000070ea00000, 0x000000070eb00000, 0x000000070eb00000|100%| E|CS|TAMS 0x000000070ea00000, 0x000000070ea00000| Complete 
| 199|0x000000070eb00000, 0x000000070ec00000, 0x000000070ec00000|100%| E|CS|TAMS 0x000000070eb00000, 0x000000070eb00000| Complete 
| 200|0x000000070ec00000, 0x000000070ed00000, 0x000000070ed00000|100%| E|CS|TAMS 0x000000070ec00000, 0x000000070ec00000| Complete 
| 201|0x000000070ed00000, 0x000000070ee00000, 0x000000070ee00000|100%| E|CS|TAMS 0x000000070ed00000, 0x000000070ed00000| Complete 
| 202|0x000000070ee00000, 0x000000070ef00000, 0x000000070ef00000|100%| E|CS|TAMS 0x000000070ee00000, 0x000000070ee00000| Complete 
| 203|0x000000070ef00000, 0x000000070f000000, 0x000000070f000000|100%| E|CS|TAMS 0x000000070ef00000, 0x000000070ef00000| Complete 
| 204|0x000000070f000000, 0x000000070f100000, 0x000000070f100000|100%| E|CS|TAMS 0x000000070f000000, 0x000000070f000000| Complete 
| 205|0x000000070f100000, 0x000000070f200000, 0x000000070f200000|100%| E|CS|TAMS 0x000000070f100000, 0x000000070f100000| Complete 
| 206|0x000000070f200000, 0x000000070f300000, 0x000000070f300000|100%| E|CS|TAMS 0x000000070f200000, 0x000000070f200000| Complete 
| 207|0x000000070f300000, 0x000000070f400000, 0x000000070f400000|100%| E|CS|TAMS 0x000000070f300000, 0x000000070f300000| Complete 
| 208|0x000000070f400000, 0x000000070f500000, 0x000000070f500000|100%| E|CS|TAMS 0x000000070f400000, 0x000000070f400000| Complete 
| 209|0x000000070f500000, 0x000000070f600000, 0x000000070f600000|100%| E|CS|TAMS 0x000000070f500000, 0x000000070f500000| Complete 
| 210|0x000000070f600000, 0x000000070f700000, 0x000000070f700000|100%| E|CS|TAMS 0x000000070f600000, 0x000000070f600000| Complete 
| 211|0x000000070f700000, 0x000000070f800000, 0x000000070f800000|100%| E|CS|TAMS 0x000000070f700000, 0x000000070f700000| Complete 
| 212|0x000000070f800000, 0x000000070f900000, 0x000000070f900000|100%| E|CS|TAMS 0x000000070f800000, 0x000000070f800000| Complete 
| 213|0x000000070f900000, 0x000000070fa00000, 0x000000070fa00000|100%| E|CS|TAMS 0x000000070f900000, 0x000000070f900000| Complete 
| 214|0x000000070fa00000, 0x000000070fb00000, 0x000000070fb00000|100%| E|CS|TAMS 0x000000070fa00000, 0x000000070fa00000| Complete 
| 215|0x000000070fb00000, 0x000000070fc00000, 0x000000070fc00000|100%| E|CS|TAMS 0x000000070fb00000, 0x000000070fb00000| Complete 
| 216|0x000000070fc00000, 0x000000070fd00000, 0x000000070fd00000|100%| E|CS|TAMS 0x000000070fc00000, 0x000000070fc00000| Complete 
| 217|0x000000070fd00000, 0x000000070fe00000, 0x000000070fe00000|100%| E|CS|TAMS 0x000000070fd00000, 0x000000070fd00000| Complete 
| 218|0x000000070fe00000, 0x000000070ff00000, 0x000000070ff00000|100%| E|CS|TAMS 0x000000070fe00000, 0x000000070fe00000| Complete 
| 219|0x000000070ff00000, 0x0000000710000000, 0x0000000710000000|100%| E|CS|TAMS 0x000000070ff00000, 0x000000070ff00000| Complete 
| 220|0x0000000710000000, 0x0000000710100000, 0x0000000710100000|100%| E|CS|TAMS 0x0000000710000000, 0x0000000710000000| Complete 
| 221|0x0000000710100000, 0x0000000710200000, 0x0000000710200000|100%| E|CS|TAMS 0x0000000710100000, 0x0000000710100000| Complete 
| 222|0x0000000710200000, 0x0000000710300000, 0x0000000710300000|100%| E|CS|TAMS 0x0000000710200000, 0x0000000710200000| Complete 
| 223|0x0000000710300000, 0x0000000710400000, 0x0000000710400000|100%| E|CS|TAMS 0x0000000710300000, 0x0000000710300000| Complete 
| 224|0x0000000710400000, 0x0000000710500000, 0x0000000710500000|100%| E|CS|TAMS 0x0000000710400000, 0x0000000710400000| Complete 
| 225|0x0000000710500000, 0x0000000710600000, 0x0000000710600000|100%| E|CS|TAMS 0x0000000710500000, 0x0000000710500000| Complete 
| 226|0x0000000710600000, 0x0000000710700000, 0x0000000710700000|100%| E|CS|TAMS 0x0000000710600000, 0x0000000710600000| Complete 
| 227|0x0000000710700000, 0x0000000710800000, 0x0000000710800000|100%| S|CS|TAMS 0x0000000710700000, 0x0000000710700000| Complete 
| 228|0x0000000710800000, 0x0000000710900000, 0x0000000710900000|100%| S|CS|TAMS 0x0000000710800000, 0x0000000710800000| Complete 
| 229|0x0000000710900000, 0x0000000710a00000, 0x0000000710a00000|100%| S|CS|TAMS 0x0000000710900000, 0x0000000710900000| Complete 
| 230|0x0000000710a00000, 0x0000000710b00000, 0x0000000710b00000|100%| E|CS|TAMS 0x0000000710a00000, 0x0000000710a00000| Complete 
| 231|0x0000000710b00000, 0x0000000710c00000, 0x0000000710c00000|100%| E|CS|TAMS 0x0000000710b00000, 0x0000000710b00000| Complete 
| 232|0x0000000710c00000, 0x0000000710d00000, 0x0000000710d00000|100%| E|CS|TAMS 0x0000000710c00000, 0x0000000710c00000| Complete 
| 233|0x0000000710d00000, 0x0000000710e00000, 0x0000000710e00000|100%| E|CS|TAMS 0x0000000710d00000, 0x0000000710d00000| Complete 
| 234|0x0000000710e00000, 0x0000000710f00000, 0x0000000710f00000|100%| E|CS|TAMS 0x0000000710e00000, 0x0000000710e00000| Complete 
| 235|0x0000000710f00000, 0x0000000711000000, 0x0000000711000000|100%| E|CS|TAMS 0x0000000710f00000, 0x0000000710f00000| Complete 
| 236|0x0000000711000000, 0x0000000711100000, 0x0000000711100000|100%| E|CS|TAMS 0x0000000711000000, 0x0000000711000000| Complete 
| 237|0x0000000711100000, 0x0000000711200000, 0x0000000711200000|100%| E|CS|TAMS 0x0000000711100000, 0x0000000711100000| Complete 
| 238|0x0000000711200000, 0x0000000711300000, 0x0000000711300000|100%| E|CS|TAMS 0x0000000711200000, 0x0000000711200000| Complete 
| 239|0x0000000711300000, 0x0000000711400000, 0x0000000711400000|100%| E|CS|TAMS 0x0000000711300000, 0x0000000711300000| Complete 
| 240|0x0000000711400000, 0x0000000711500000, 0x0000000711500000|100%| E|CS|TAMS 0x0000000711400000, 0x0000000711400000| Complete 
| 241|0x0000000711500000, 0x0000000711600000, 0x0000000711600000|100%| E|CS|TAMS 0x0000000711500000, 0x0000000711500000| Complete 
| 242|0x0000000711600000, 0x0000000711700000, 0x0000000711700000|100%| E|CS|TAMS 0x0000000711600000, 0x0000000711600000| Complete 
| 243|0x0000000711700000, 0x0000000711800000, 0x0000000711800000|100%| E|CS|TAMS 0x0000000711700000, 0x0000000711700000| Complete 
| 244|0x0000000711800000, 0x0000000711900000, 0x0000000711900000|100%| E|CS|TAMS 0x0000000711800000, 0x0000000711800000| Complete 
| 245|0x0000000711900000, 0x0000000711a00000, 0x0000000711a00000|100%| E|CS|TAMS 0x0000000711900000, 0x0000000711900000| Complete 
| 246|0x0000000711a00000, 0x0000000711b00000, 0x0000000711b00000|100%| E|CS|TAMS 0x0000000711a00000, 0x0000000711a00000| Complete 
| 247|0x0000000711b00000, 0x0000000711c00000, 0x0000000711c00000|100%| E|CS|TAMS 0x0000000711b00000, 0x0000000711b00000| Complete 
| 248|0x0000000711c00000, 0x0000000711d00000, 0x0000000711d00000|100%| E|CS|TAMS 0x0000000711c00000, 0x0000000711c00000| Complete 
| 249|0x0000000711d00000, 0x0000000711e00000, 0x0000000711e00000|100%| E|CS|TAMS 0x0000000711d00000, 0x0000000711d00000| Complete 
| 250|0x0000000711e00000, 0x0000000711f00000, 0x0000000711f00000|100%| E|CS|TAMS 0x0000000711e00000, 0x0000000711e00000| Complete 
| 251|0x0000000711f00000, 0x0000000712000000, 0x0000000712000000|100%| E|CS|TAMS 0x0000000711f00000, 0x0000000711f00000| Complete 
| 252|0x0000000712000000, 0x0000000712100000, 0x0000000712100000|100%| E|CS|TAMS 0x0000000712000000, 0x0000000712000000| Complete 
| 253|0x0000000712100000, 0x0000000712200000, 0x0000000712200000|100%| E|CS|TAMS 0x0000000712100000, 0x0000000712100000| Complete 

Card table byte_map: [0x00000257ba8e0000,0x00000257bb0d0000] _byte_map_base: 0x00000257b70ce000

Marking Bits (Prev, Next): (CMBitMap*) 0x00000257a25f1ac8, (CMBitMap*) 0x00000257a25f1b08
 Prev Bits: [0x00000257bb8c0000, 0x00000257bf830000)
 Next Bits: [0x00000257bf830000, 0x00000257c37a0000)

Polling page: 0x00000257a1d60000

Metaspace:

Usage:
  Non-class:      4.88 MB capacity,     2.58 MB ( 53%) used,     2.30 MB ( 47%) free+waste,     4.13 KB ( <1%) overhead. 
      Class:    515.00 KB capacity,   231.08 KB ( 45%) used,   281.80 KB ( 55%) free+waste,     2.13 KB ( <1%) overhead. 
       Both:      5.38 MB capacity,     2.80 MB ( 52%) used,     2.57 MB ( 48%) free+waste,     6.25 KB ( <1%) overhead. 

Virtual space:
  Non-class space:        8.00 MB reserved,       5.00 MB ( 63%) committed 
      Class space:        1.00 GB reserved,     640.00 KB ( <1%) committed 
             Both:        1.01 GB reserved,       5.63 MB ( <1%) committed 

Chunk freelists:
   Non-Class:  0 bytes
       Class:  0 bytes
        Both:  0 bytes

MaxMetaspaceSize: 17179869184.00 GB
CompressedClassSpaceSize: 1.00 GB

CodeHeap 'non-profiled nmethods': size=120000Kb used=502Kb max_used=502Kb free=119497Kb
 bounds [0x00000257b2560000, 0x00000257b27d0000, 0x00000257b9a90000]
CodeHeap 'profiled nmethods': size=120000Kb used=1964Kb max_used=1964Kb free=118035Kb
 bounds [0x00000257ab030000, 0x00000257ab2a0000, 0x00000257b2560000]
CodeHeap 'non-nmethods': size=5760Kb used=1164Kb max_used=1181Kb free=4595Kb
 bounds [0x00000257aaa90000, 0x00000257aad00000, 0x00000257ab030000]
 total_blobs=1886 nmethods=869 adapters=324
 compilation: enabled
              stopped_count=0, restarted_count=0
 full_count=0

Compilation events (20 events):
Event: 0.784 Thread 0x00000257c6de0000 nmethod 822 0x00000257ab1ffa90 code [0x00000257ab1ffc40, 0x00000257ab1ffe90]
Event: 0.784 Thread 0x00000257c6de0000  823   !   3       jdk.internal.loader.BuiltinClassLoader::loadClassOrNull (143 bytes)
Event: 0.785 Thread 0x00000257c6de0000 nmethod 823 0x00000257ab1fff10 code [0x00000257ab2002c0, 0x00000257ab201fc0]
Event: 0.785 Thread 0x00000257c6de0000  825       3       java.util.jar.JarFile::maybeInstantiateVerifier (116 bytes)
Event: 0.786 Thread 0x00000257c6de0000 nmethod 825 0x00000257ab202b10 code [0x00000257ab202e40, 0x00000257ab2040e0]
Event: 0.786 Thread 0x00000257c6de0000  824       3       java.lang.ClassLoader::getClassLoadingLock (35 bytes)
Event: 0.786 Thread 0x00000257c6de0000 nmethod 824 0x00000257ab204790 code [0x00000257ab204960, 0x00000257ab204cf0]
Event: 0.786 Thread 0x00000257c6de0000  826       3       sun.net.util.URLUtil::urlNoFragString (114 bytes)
Event: 0.787 Thread 0x00000257c6dde800 nmethod 814 0x00000257b25d9e10 code [0x00000257b25d9fe0, 0x00000257b25da8e8]
Event: 0.787 Thread 0x00000257c6de0000 nmethod 826 0x00000257ab204e90 code [0x00000257ab2051e0, 0x00000257ab206510]
Event: 0.787 Thread 0x00000257c6de0000  827       3       java.io.RandomAccessFile::seek (22 bytes)
Event: 0.787 Thread 0x00000257c6de0000 nmethod 827 0x00000257ab206b90 code [0x00000257ab206d60, 0x00000257ab207020]
Event: 0.787 Thread 0x00000257c6de0000  829       1       java.nio.HeapByteBuffer::isDirect (2 bytes)
Event: 0.787 Thread 0x00000257c6de0000 nmethod 829 0x00000257b25dab90 code [0x00000257b25dad20, 0x00000257b25dae58]
Event: 0.787 Thread 0x00000257c6de0000  830       3       java.util.concurrent.ConcurrentHashMap$Node::<init> (14 bytes)
Event: 0.787 Thread 0x00000257c6de0000 nmethod 830 0x00000257ab207110 code [0x00000257ab2072c0, 0x00000257ab207638]
Event: 0.787 Thread 0x00000257c6de0000  831       3       java.util.zip.Inflater::ensureOpen (47 bytes)
Event: 0.788 Thread 0x00000257c6de0000 nmethod 831 0x00000257ab207710 code [0x00000257ab2078c0, 0x00000257ab207b90]
Event: 0.788 Thread 0x00000257c6de0000  832       3       java.lang.ref.PhantomReference::<init> (7 bytes)
Event: 0.788 Thread 0x00000257c6de0000 nmethod 832 0x00000257ab207c90 code [0x00000257ab207e40, 0x00000257ab208198]

GC Heap History (2 events):
Event: 0.282 GC heap before
{Heap before GC invocations=0 (full 0):
 garbage-first heap   total 260096K, used 23552K [0x0000000702400000, 0x0000000800000000)
  region size 1024K, 24 young (24576K), 0 survivors (0K)
 Metaspace       used 1770K, capacity 4787K, committed 4864K, reserved 1056768K
  class space    used 147K, capacity 445K, committed 512K, reserved 1048576K
}
Event: 0.285 GC heap after
{Heap after GC invocations=1 (full 0):
 garbage-first heap   total 260096K, used 5269K [0x0000000702400000, 0x0000000800000000)
  region size 1024K, 3 young (3072K), 3 survivors (3072K)
 Metaspace       used 1770K, capacity 4787K, committed 4864K, reserved 1056768K
  class space    used 147K, capacity 445K, committed 512K, reserved 1048576K
}

Deoptimization events (20 events):
Event: 0.706 Thread 0x00000257a2586800 DEOPT PACKING pc=0x00000257b25c8564 sp=0x000000c6b88fce70
Event: 0.706 Thread 0x00000257a2586800 DEOPT UNPACKING pc=0x00000257aaad912f sp=0x000000c6b88fcda0 mode 2
Event: 0.717 Thread 0x00000257a2586800 DEOPT PACKING pc=0x00000257ab0c04fb sp=0x000000c6b88fcc60
Event: 0.717 Thread 0x00000257a2586800 DEOPT UNPACKING pc=0x00000257aaad964e sp=0x000000c6b88fc1a0 mode 0
Event: 0.741 Thread 0x00000257a2586800 Uncommon trap: trap_request=0xffffff45 fr.pc=0x00000257b25b2b00 relative=0x0000000000001a00
Event: 0.741 Thread 0x00000257a2586800 Uncommon trap: reason=unstable_if action=reinterpret pc=0x00000257b25b2b00 method=jdk.internal.loader.URLClassPath.getLoader(I)Ljdk/internal/loader/URLClassPath$Loader; @ 19 c2
Event: 0.741 Thread 0x00000257a2586800 DEOPT PACKING pc=0x00000257b25b2b00 sp=0x000000c6b88fd380
Event: 0.741 Thread 0x00000257a2586800 DEOPT UNPACKING pc=0x00000257aaad912f sp=0x000000c6b88fd1b8 mode 2
Event: 0.741 Thread 0x00000257a2586800 Uncommon trap: trap_request=0xffffff45 fr.pc=0x00000257b2595338 relative=0x0000000000000318
Event: 0.741 Thread 0x00000257a2586800 Uncommon trap: reason=unstable_if action=reinterpret pc=0x00000257b2595338 method=jdk.internal.loader.URLClassPath.getLoader(I)Ljdk/internal/loader/URLClassPath$Loader; @ 19 c2
Event: 0.741 Thread 0x00000257a2586800 DEOPT PACKING pc=0x00000257b2595338 sp=0x000000c6b88fd260
Event: 0.741 Thread 0x00000257a2586800 DEOPT UNPACKING pc=0x00000257aaad912f sp=0x000000c6b88fd1f8 mode 2
Event: 0.742 Thread 0x00000257a2586800 Uncommon trap: trap_request=0xffffff45 fr.pc=0x00000257b25a3010 relative=0x0000000000000530
Event: 0.742 Thread 0x00000257a2586800 Uncommon trap: reason=unstable_if action=reinterpret pc=0x00000257b25a3010 method=jdk.internal.loader.URLClassPath.getLoader(I)Ljdk/internal/loader/URLClassPath$Loader; @ 19 c2
Event: 0.742 Thread 0x00000257a2586800 DEOPT PACKING pc=0x00000257b25a3010 sp=0x000000c6b88fd250
Event: 0.742 Thread 0x00000257a2586800 DEOPT UNPACKING pc=0x00000257aaad912f sp=0x000000c6b88fd170 mode 2
Event: 0.744 Thread 0x00000257a2586800 Uncommon trap: trap_request=0xffffff45 fr.pc=0x00000257b25b527c relative=0x000000000000015c
Event: 0.744 Thread 0x00000257a2586800 Uncommon trap: reason=unstable_if action=reinterpret pc=0x00000257b25b527c method=java.lang.StringLatin1.compareToCI([B[B)I @ 31 c2
Event: 0.744 Thread 0x00000257a2586800 DEOPT PACKING pc=0x00000257b25b527c sp=0x000000c6b88fd2c0
Event: 0.744 Thread 0x00000257a2586800 DEOPT UNPACKING pc=0x00000257aaad912f sp=0x000000c6b88fd238 mode 2

Classes unloaded (0 events):
No events

Classes redefined (0 events):
No events

Internal exceptions (7 events):
Event: 0.136 Thread 0x00000257a2586800 Exception <a 'java/lang/NoSuchMethodError'{0x0000000711b67b68}: 'int java.lang.invoke.DirectMethodHandle$Holder.invokeStaticInit(java.lang.Object, java.lang.Object, java.lang.Object, java.lang.Object)'> (0x0000000711b67b68) 
thrown [t:/workspace/open/src/hotspot/share/interpreter/linkResolver.cpp, line 767]
Event: 0.138 Thread 0x00000257a2586800 Exception <a 'java/lang/IncompatibleClassChangeError'{0x0000000711b718f0}: Found class java.lang.Object, but interface was expected> (0x0000000711b718f0) 
thrown [t:/workspace/open/src/hotspot/share/interpreter/linkResolver.cpp, line 833]
Event: 0.139 Thread 0x00000257a2586800 Exception <a 'java/lang/NoSuchMethodError'{0x0000000711b749a8}: 'void java.lang.invoke.DirectMethodHandle$Holder.invokeStaticInit(java.lang.Object, java.lang.Object)'> (0x0000000711b749a8) 
thrown [t:/workspace/open/src/hotspot/share/interpreter/linkResolver.cpp, line 767]
Event: 0.140 Thread 0x00000257a2586800 Exception <a 'java/lang/NoSuchMethodError'{0x0000000711b7a698}: 'int java.lang.invoke.DirectMethodHandle$Holder.invokeStaticInit(java.lang.Object, java.lang.Object)'> (0x0000000711b7a698) 
thrown [t:/workspace/open/src/hotspot/share/interpreter/linkResolver.cpp, line 767]
Event: 0.629 Thread 0x00000257a2586800 Implicit null exception at 0x00000257b25bfb0d to 0x00000257b25c0066
Event: 0.746 Thread 0x00000257a2586800 Exception <a 'sun/nio/fs/WindowsException'{0x000000070aab7f20}> (0x000000070aab7f20) 
thrown [t:/workspace/open/src/hotspot/share/prims/jni.cpp, line 598]
Event: 0.746 Thread 0x00000257a2586800 Exception <a 'sun/nio/fs/WindowsException'{0x000000070aab7f50}> (0x000000070aab7f50) 
thrown [t:/workspace/open/src/hotspot/share/prims/jni.cpp, line 598]

Events (20 events):
Event: 0.785 loading class org/bytedeco/llvm/LLVM/LLVMMemoryManagerFinalizeMemoryCallback
Event: 0.785 loading class org/bytedeco/llvm/LLVM/LLVMMemoryManagerFinalizeMemoryCallback done
Event: 0.785 loading class org/bytedeco/llvm/LLVM/LLVMOpInfo1
Event: 0.785 loading class org/bytedeco/llvm/LLVM/LLVMOpInfo1 done
Event: 0.786 loading class org/bytedeco/llvm/LLVM/LLVMOpInfoSymbol1
Event: 0.786 loading class org/bytedeco/llvm/LLVM/LLVMOpInfoSymbol1 done
Event: 0.786 loading class org/bytedeco/llvm/LLVM/LLVMOpInfoCallback
Event: 0.786 loading class org/bytedeco/llvm/LLVM/LLVMOpInfoCallback done
Event: 0.786 loading class org/bytedeco/llvm/LLVM/LLVMOrcLazyCompileCallbackFn
Event: 0.786 loading class org/bytedeco/llvm/LLVM/LLVMOrcLazyCompileCallbackFn done
Event: 0.787 loading class org/bytedeco/llvm/LLVM/LLVMOrcSymbolResolverFn
Event: 0.787 loading class org/bytedeco/llvm/LLVM/LLVMOrcSymbolResolverFn done
Event: 0.787 loading class org/bytedeco/llvm/LLVM/LLVMSymbolLookupCallback
Event: 0.787 loading class org/bytedeco/llvm/LLVM/LLVMSymbolLookupCallback done
Event: 0.787 loading class org/bytedeco/llvm/LLVM/LLVMYieldCallback
Event: 0.787 loading class org/bytedeco/llvm/LLVM/LLVMYieldCallback done
Event: 0.787 loading class org/bytedeco/llvm/LLVM/lto_diagnostic_handler_t
Event: 0.787 loading class org/bytedeco/llvm/LLVM/lto_diagnostic_handler_t done
Event: 0.788 loading class org/bytedeco/llvm/LLVM/MustPreserve_LLVMValueRef_Pointer
Event: 0.788 loading class org/bytedeco/llvm/LLVM/MustPreserve_LLVMValueRef_Pointer done


Dynamic libraries:
0x00007ff6afb40000 - 0x00007ff6afb4f000 	D:\Java\jdk-13.0.1\bin\java.exe
0x00007ffbbb670000 - 0x00007ffbbb865000 	C:\WINDOWS\SYSTEM32\ntdll.dll
0x00007ffb83110000 - 0x00007ffb83123000 	C:\Program Files\AVAST Software\Avast\aswhook.dll
0x00007ffbba210000 - 0x00007ffbba2cd000 	C:\WINDOWS\System32\KERNEL32.DLL
0x00007ffbb8de0000 - 0x00007ffbb90a8000 	C:\WINDOWS\System32\KERNELBASE.dll
0x00007ffbb90e0000 - 0x00007ffbb91e0000 	C:\WINDOWS\System32\ucrtbase.dll
0x00007ffba0bd0000 - 0x00007ffba0be8000 	D:\Java\jdk-13.0.1\bin\jli.dll
0x00007ffbba700000 - 0x00007ffbba7ac000 	C:\WINDOWS\System32\ADVAPI32.dll
0x00007ffb94dd0000 - 0x00007ffb94de5000 	D:\Java\jdk-13.0.1\bin\VCRUNTIME140.dll
0x00007ffbb9c90000 - 0x00007ffbb9d2e000 	C:\WINDOWS\System32\msvcrt.dll
0x00007ffbbb180000 - 0x00007ffbbb21b000 	C:\WINDOWS\System32\sechost.dll
0x00007ffbb9da0000 - 0x00007ffbb9ecb000 	C:\WINDOWS\System32\RPCRT4.dll
0x00007ffbbaf50000 - 0x00007ffbbb0f0000 	C:\WINDOWS\System32\USER32.dll
0x00007ffbb90b0000 - 0x00007ffbb90d2000 	C:\WINDOWS\System32\win32u.dll
0x00007ffbb9c60000 - 0x00007ffbb9c8a000 	C:\WINDOWS\System32\GDI32.dll
0x00007ffb983c0000 - 0x00007ffb9865a000 	C:\WINDOWS\WinSxS\amd64_microsoft.windows.common-controls_6595b64144ccf1df_6.0.19041.1052_none_60b8f8fd71f5e8cb\COMCTL32.dll
0x00007ffbb94f0000 - 0x00007ffbb95fb000 	C:\WINDOWS\System32\gdi32full.dll
0x00007ffbb91e0000 - 0x00007ffbb927d000 	C:\WINDOWS\System32\msvcp_win.dll
0x00007ffbb1ba0000 - 0x00007ffbb1baa000 	C:\WINDOWS\SYSTEM32\VERSION.dll
0x00007ffbb9c30000 - 0x00007ffbb9c60000 	C:\WINDOWS\System32\IMM32.DLL
0x00007ffb7a5a0000 - 0x00007ffb7a63b000 	D:\Java\jdk-13.0.1\bin\msvcp140.dll
0x00007ffb44470000 - 0x00007ffb44fd6000 	D:\Java\jdk-13.0.1\bin\server\jvm.dll
0x00007ffbbb0f0000 - 0x00007ffbbb0f8000 	C:\WINDOWS\System32\PSAPI.DLL
0x00007ffb99e90000 - 0x00007ffb99e99000 	C:\WINDOWS\SYSTEM32\WSOCK32.dll
0x00007ffbadc90000 - 0x00007ffbadcb7000 	C:\WINDOWS\SYSTEM32\WINMM.dll
0x00007ffbb9d30000 - 0x00007ffbb9d9b000 	C:\WINDOWS\System32\WS2_32.dll
0x00007ffbb7680000 - 0x00007ffbb7692000 	C:\WINDOWS\SYSTEM32\kernel.appcore.dll
0x00007ffbb3310000 - 0x00007ffbb3320000 	D:\Java\jdk-13.0.1\bin\verify.dll
0x00007ffbb6c10000 - 0x00007ffbb6df4000 	C:\WINDOWS\SYSTEM32\DBGHELP.DLL
0x00007ffba82b0000 - 0x00007ffba82dc000 	C:\WINDOWS\SYSTEM32\dbgcore.DLL
0x00007ffbb9600000 - 0x00007ffbb9683000 	C:\WINDOWS\System32\bcryptPrimitives.dll
0x00007ffb93ab0000 - 0x00007ffb93ad6000 	D:\Java\jdk-13.0.1\bin\java.dll
0x00007ffb94290000 - 0x00007ffb942a7000 	D:\Java\jdk-13.0.1\bin\zip.dll
0x00007ffbb2c50000 - 0x00007ffbb2c5a000 	D:\Java\jdk-13.0.1\bin\jimage.dll
0x00007ffbba810000 - 0x00007ffbbaf4f000 	C:\WINDOWS\System32\SHELL32.dll
0x00007ffbb6ee0000 - 0x00007ffbb7670000 	C:\WINDOWS\SYSTEM32\windows.storage.dll
0x00007ffbbb2d0000 - 0x00007ffbbb625000 	C:\WINDOWS\System32\combase.dll
0x00007ffbb8820000 - 0x00007ffbb884c000 	C:\WINDOWS\SYSTEM32\Wldp.dll
0x00007ffbba530000 - 0x00007ffbba5de000 	C:\WINDOWS\System32\SHCORE.dll
0x00007ffbba080000 - 0x00007ffbba0d5000 	C:\WINDOWS\System32\shlwapi.dll
0x00007ffbb8cf0000 - 0x00007ffbb8d0f000 	C:\WINDOWS\SYSTEM32\profapi.dll
0x00007ffb92f70000 - 0x00007ffb92f89000 	D:\Java\jdk-13.0.1\bin\net.dll
0x00007ffba82e0000 - 0x00007ffba83eb000 	C:\WINDOWS\SYSTEM32\WINHTTP.dll
0x00007ffbb8590000 - 0x00007ffbb85fa000 	C:\WINDOWS\system32\mswsock.dll
0x00007ffb92f50000 - 0x00007ffb92f63000 	D:\Java\jdk-13.0.1\bin\nio.dll
0x00007ffba10d0000 - 0x00007ffba10ea000 	D:\JetBrains\IntelliJ IDEA Community Edition 2019.1\bin\breakgen64.dll
0x00000257a2510000 - 0x00000257a2513000 	C:\Users\zgaya\.javacpp\cache\javacpp-1.5.5-windows-x86_64.jar\org\bytedeco\javacpp\windows-x86_64\api-ms-win-crt-locale-l1-1-0.dll
0x00000257a2520000 - 0x00000257a2524000 	C:\Users\zgaya\.javacpp\cache\javacpp-1.5.5-windows-x86_64.jar\org\bytedeco\javacpp\windows-x86_64\api-ms-win-crt-string-l1-1-0.dll
0x00000257a2530000 - 0x00000257a2534000 	C:\Users\zgaya\.javacpp\cache\javacpp-1.5.5-windows-x86_64.jar\org\bytedeco\javacpp\windows-x86_64\api-ms-win-crt-stdio-l1-1-0.dll
0x00000257a2540000 - 0x00000257a2545000 	C:\Users\zgaya\.javacpp\cache\javacpp-1.5.5-windows-x86_64.jar\org\bytedeco\javacpp\windows-x86_64\api-ms-win-crt-math-l1-1-0.dll
0x00000257a2550000 - 0x00000257a2553000 	C:\Users\zgaya\.javacpp\cache\javacpp-1.5.5-windows-x86_64.jar\org\bytedeco\javacpp\windows-x86_64\api-ms-win-crt-heap-l1-1-0.dll
0x00000257c7a50000 - 0x00000257c7a54000 	C:\Users\zgaya\.javacpp\cache\javacpp-1.5.5-windows-x86_64.jar\org\bytedeco\javacpp\windows-x86_64\api-ms-win-crt-runtime-l1-1-0.dll
0x00000257c7a60000 - 0x00000257c7a64000 	C:\Users\zgaya\.javacpp\cache\javacpp-1.5.5-windows-x86_64.jar\org\bytedeco\javacpp\windows-x86_64\api-ms-win-crt-convert-l1-1-0.dll
0x00000257c7a70000 - 0x00000257c7a73000 	C:\Users\zgaya\.javacpp\cache\javacpp-1.5.5-windows-x86_64.jar\org\bytedeco\javacpp\windows-x86_64\api-ms-win-crt-environment-l1-1-0.dll
0x00000257c7a80000 - 0x00000257c7a83000 	C:\Users\zgaya\.javacpp\cache\javacpp-1.5.5-windows-x86_64.jar\org\bytedeco\javacpp\windows-x86_64\api-ms-win-crt-time-l1-1-0.dll
0x00000257c7a90000 - 0x00000257c7a93000 	C:\Users\zgaya\.javacpp\cache\javacpp-1.5.5-windows-x86_64.jar\org\bytedeco\javacpp\windows-x86_64\api-ms-win-crt-filesystem-l1-1-0.dll
0x00000257c7aa0000 - 0x00000257c7aa3000 	C:\Users\zgaya\.javacpp\cache\javacpp-1.5.5-windows-x86_64.jar\org\bytedeco\javacpp\windows-x86_64\api-ms-win-crt-utility-l1-1-0.dll
0x00000257c7ab0000 - 0x00000257c7ab5000 	C:\Users\zgaya\.javacpp\cache\javacpp-1.5.5-windows-x86_64.jar\org\bytedeco\javacpp\windows-x86_64\api-ms-win-crt-multibyte-l1-1-0.dll
0x00000257c7ac0000 - 0x00000257c7ac3000 	C:\Users\zgaya\.javacpp\cache\javacpp-1.5.5-windows-x86_64.jar\org\bytedeco\javacpp\windows-x86_64\api-ms-win-core-string-l1-1-0.dll
0x00000257c7ad0000 - 0x00000257c7ad3000 	C:\Users\zgaya\.javacpp\cache\javacpp-1.5.5-windows-x86_64.jar\org\bytedeco\javacpp\windows-x86_64\api-ms-win-core-errorhandling-l1-1-0.dll
0x00000257c7ae0000 - 0x00000257c7ae3000 	C:\Users\zgaya\.javacpp\cache\javacpp-1.5.5-windows-x86_64.jar\org\bytedeco\javacpp\windows-x86_64\api-ms-win-core-timezone-l1-1-0.dll
0x00000257c7af0000 - 0x00000257c7af4000 	C:\Users\zgaya\.javacpp\cache\javacpp-1.5.5-windows-x86_64.jar\org\bytedeco\javacpp\windows-x86_64\api-ms-win-core-file-l1-1-0.dll
0x00000257c8ad0000 - 0x00000257c8ad3000 	C:\Users\zgaya\.javacpp\cache\javacpp-1.5.5-windows-x86_64.jar\org\bytedeco\javacpp\windows-x86_64\api-ms-win-core-namedpipe-l1-1-0.dll
0x00000257c8ae0000 - 0x00000257c8ae3000 	C:\Users\zgaya\.javacpp\cache\javacpp-1.5.5-windows-x86_64.jar\org\bytedeco\javacpp\windows-x86_64\api-ms-win-core-handle-l1-1-0.dll
0x00000257c8af0000 - 0x00000257c8af3000 	C:\Users\zgaya\.javacpp\cache\javacpp-1.5.5-windows-x86_64.jar\org\bytedeco\javacpp\windows-x86_64\api-ms-win-core-file-l2-1-0.dll
0x00000257c8b00000 - 0x00000257c8b03000 	C:\Users\zgaya\.javacpp\cache\javacpp-1.5.5-windows-x86_64.jar\org\bytedeco\javacpp\windows-x86_64\api-ms-win-core-heap-l1-1-0.dll
0x00000257c8b10000 - 0x00000257c8b13000 	C:\Users\zgaya\.javacpp\cache\javacpp-1.5.5-windows-x86_64.jar\org\bytedeco\javacpp\windows-x86_64\api-ms-win-core-libraryloader-l1-1-0.dll
0x00000257c8b20000 - 0x00000257c8b23000 	C:\Users\zgaya\.javacpp\cache\javacpp-1.5.5-windows-x86_64.jar\org\bytedeco\javacpp\windows-x86_64\api-ms-win-core-synch-l1-1-0.dll
0x00000257c8b30000 - 0x00000257c8b33000 	C:\Users\zgaya\.javacpp\cache\javacpp-1.5.5-windows-x86_64.jar\org\bytedeco\javacpp\windows-x86_64\api-ms-win-core-processthreads-l1-1-0.dll
0x00000257c8b40000 - 0x00000257c8b43000 	C:\Users\zgaya\.javacpp\cache\javacpp-1.5.5-windows-x86_64.jar\org\bytedeco\javacpp\windows-x86_64\api-ms-win-core-processenvironment-l1-1-0.dll
0x00000257c8b50000 - 0x00000257c8b53000 	C:\Users\zgaya\.javacpp\cache\javacpp-1.5.5-windows-x86_64.jar\org\bytedeco\javacpp\windows-x86_64\api-ms-win-core-datetime-l1-1-0.dll
0x00000257c8b60000 - 0x00000257c8b63000 	C:\Users\zgaya\.javacpp\cache\javacpp-1.5.5-windows-x86_64.jar\org\bytedeco\javacpp\windows-x86_64\api-ms-win-core-localization-l1-2-0.dll
0x00000257c8b70000 - 0x00000257c8b73000 	C:\Users\zgaya\.javacpp\cache\javacpp-1.5.5-windows-x86_64.jar\org\bytedeco\javacpp\windows-x86_64\api-ms-win-core-sysinfo-l1-1-0.dll
0x00000257c8b80000 - 0x00000257c8b83000 	C:\Users\zgaya\.javacpp\cache\javacpp-1.5.5-windows-x86_64.jar\org\bytedeco\javacpp\windows-x86_64\api-ms-win-core-synch-l1-2-0.dll
0x00000257c8b90000 - 0x00000257c8b93000 	C:\Users\zgaya\.javacpp\cache\javacpp-1.5.5-windows-x86_64.jar\org\bytedeco\javacpp\windows-x86_64\api-ms-win-core-console-l1-1-0.dll
0x00000257c8ba0000 - 0x00000257c8ba3000 	C:\Users\zgaya\.javacpp\cache\javacpp-1.5.5-windows-x86_64.jar\org\bytedeco\javacpp\windows-x86_64\api-ms-win-core-debug-l1-1-0.dll
0x00000257c8bb0000 - 0x00000257c8bb3000 	C:\Users\zgaya\.javacpp\cache\javacpp-1.5.5-windows-x86_64.jar\org\bytedeco\javacpp\windows-x86_64\api-ms-win-core-rtlsupport-l1-1-0.dll
0x00000257c8bc0000 - 0x00000257c8bc3000 	C:\Users\zgaya\.javacpp\cache\javacpp-1.5.5-windows-x86_64.jar\org\bytedeco\javacpp\windows-x86_64\api-ms-win-core-processthreads-l1-1-1.dll
0x00000257c8bd0000 - 0x00000257c8bd3000 	C:\Users\zgaya\.javacpp\cache\javacpp-1.5.5-windows-x86_64.jar\org\bytedeco\javacpp\windows-x86_64\api-ms-win-core-file-l1-2-0.dll
0x00000257c8be0000 - 0x00000257c8be3000 	C:\Users\zgaya\.javacpp\cache\javacpp-1.5.5-windows-x86_64.jar\org\bytedeco\javacpp\windows-x86_64\api-ms-win-core-profile-l1-1-0.dll
0x00000257c8bf0000 - 0x00000257c8bf3000 	C:\Users\zgaya\.javacpp\cache\javacpp-1.5.5-windows-x86_64.jar\org\bytedeco\javacpp\windows-x86_64\api-ms-win-core-memory-l1-1-0.dll
0x00000257c8c00000 - 0x00000257c8c03000 	C:\Users\zgaya\.javacpp\cache\javacpp-1.5.5-windows-x86_64.jar\org\bytedeco\javacpp\windows-x86_64\api-ms-win-core-util-l1-1-0.dll
0x00000257c8c10000 - 0x00000257c8c13000 	C:\Users\zgaya\.javacpp\cache\javacpp-1.5.5-windows-x86_64.jar\org\bytedeco\javacpp\windows-x86_64\api-ms-win-core-interlocked-l1-1-0.dll
0x00007ffb79ac0000 - 0x00007ffb79bba000 	C:\Users\zgaya\.javacpp\cache\javacpp-1.5.5-windows-x86_64.jar\org\bytedeco\javacpp\windows-x86_64\ucrtbase.dll
0x00007ffba10b0000 - 0x00007ffba10c5000 	C:\Users\zgaya\.javacpp\cache\javacpp-1.5.5-windows-x86_64.jar\org\bytedeco\javacpp\windows-x86_64\vcruntime140.dll
0x00007ffbb2ba0000 - 0x00007ffbb2bac000 	C:\Users\zgaya\.javacpp\cache\javacpp-1.5.5-windows-x86_64.jar\org\bytedeco\javacpp\windows-x86_64\vcruntime140_1.dll
0x00007ffb7a7a0000 - 0x00007ffb7a83b000 	C:\Users\zgaya\.javacpp\cache\javacpp-1.5.5-windows-x86_64.jar\org\bytedeco\javacpp\windows-x86_64\msvcp140.dll
0x00007ffbb2a80000 - 0x00007ffbb2a89000 	C:\Users\zgaya\.javacpp\cache\javacpp-1.5.5-windows-x86_64.jar\org\bytedeco\javacpp\windows-x86_64\msvcp140_1.dll
0x00007ffb92bd0000 - 0x00007ffb92c21000 	C:\Users\zgaya\.javacpp\cache\javacpp-1.5.5-windows-x86_64.jar\org\bytedeco\javacpp\windows-x86_64\concrt140.dll
0x00007ffba1080000 - 0x00007ffba10a7000 	C:\Users\zgaya\.javacpp\cache\javacpp-1.5.5-windows-x86_64.jar\org\bytedeco\javacpp\windows-x86_64\vcomp140.dll
0x00007ffbb2710000 - 0x00007ffbb271e000 	C:\Users\zgaya\.javacpp\cache\javacpp-1.5.5-windows-x86_64.jar\org\bytedeco\javacpp\windows-x86_64\jnijavacpp.dll
0x00007ffbb2570000 - 0x00007ffbb2577000 	C:\Users\zgaya\.javacpp\cache\llvm-11.1.0-1.5.5-windows-x86_64.jar\org\bytedeco\llvm\windows-x86_64\LLVM.dll
0x00007ffb2cf80000 - 0x00007ffb3091b000 	C:\Users\zgaya\.javacpp\cache\llvm-11.1.0-1.5.5-windows-x86_64.jar\org\bytedeco\llvm\windows-x86_64\LTO.dll
0x00007ffb82380000 - 0x00007ffb823c2000 	C:\Users\zgaya\.javacpp\cache\llvm-11.1.0-1.5.5-windows-x86_64.jar\org\bytedeco\llvm\windows-x86_64\Remarks.dll
0x00007ffb29330000 - 0x00007ffb2cf78000 	C:\Users\zgaya\.javacpp\cache\llvm-11.1.0-1.5.5-windows-x86_64.jar\org\bytedeco\llvm\windows-x86_64\jniLLVM.dll
0x00007ffbba2d0000 - 0x00007ffbba3fa000 	C:\WINDOWS\System32\ole32.dll

dbghelp: loaded successfully - version: 4.0.5 - missing functions: none
symbol engine: initialized successfully - sym options: 0x614 - pdb path: .;D:\Java\jdk-13.0.1\bin;C:\WINDOWS\SYSTEM32;C:\Program Files\AVAST Software\Avast;C:\WINDOWS\WinSxS\amd64_microsoft.windows.common-controls_6595b64144ccf1df_6.0.19041.1052_none_60b8f8fd71f5e8cb;D:\Java\jdk-13.0.1\bin\server;D:\JetBrains\IntelliJ IDEA Community Edition 2019.1\bin;C:\Users\zgaya\.javacpp\cache\javacpp-1.5.5-windows-x86_64.jar\org\bytedeco\javacpp\windows-x86_64;C:\Users\zgaya\.javacpp\cache\llvm-11.1.0-1.5.5-windows-x86_64.jar\org\bytedeco\llvm\windows-x86_64

VM Arguments:
jvm_args: -Didea.launcher.port=51998 -Didea.launcher.bin.path=D:\JetBrains\IntelliJ IDEA Community Edition 2019.1\bin -Dfile.encoding=UTF-8 
java_command: com.intellij.rt.execution.application.AppMainV2 antlr.LLVM
java_class_path (initial): C:\Users\zgaya\Documents\hda\sem8\Compiler Construction\X-Raster-E\target\classes;C:\Users\zgaya\.m2\repository\org\antlr\antlr4-runtime\4.9.2\antlr4-runtime-4.9.2.jar;C:\Users\zgaya\.m2\repository\org\bytedeco\llvm-platform\11.1.0-1.5.5\llvm-platform-11.1.0-1.5.5.jar;C:\Users\zgaya\.m2\repository\org\bytedeco\javacpp-platform\1.5.5\javacpp-platform-1.5.5.jar;C:\Users\zgaya\.m2\repository\org\bytedeco\javacpp\1.5.5\javacpp-1.5.5.jar;C:\Users\zgaya\.m2\repository\org\bytedeco\javacpp\1.5.5\javacpp-1.5.5-android-arm.jar;C:\Users\zgaya\.m2\repository\org\bytedeco\javacpp\1.5.5\javacpp-1.5.5-android-arm64.jar;C:\Users\zgaya\.m2\repository\org\bytedeco\javacpp\1.5.5\javacpp-1.5.5-android-x86.jar;C:\Users\zgaya\.m2\repository\org\bytedeco\javacpp\1.5.5\javacpp-1.5.5-android-x86_64.jar;C:\Users\zgaya\.m2\repository\org\bytedeco\javacpp\1.5.5\javacpp-1.5.5-ios-arm64.jar;C:\Users\zgaya\.m2\repository\org\bytedeco\javacpp\1.5.5\javacpp-1.5.5-ios-x86_64.jar;C:\Users\zgaya\.m2\repository\org\bytedeco\javacpp\1.5.5\javacpp-1.5.5-linux-armhf.jar;C:\Users\zgaya\.m2\repository\org\bytedeco\javacpp\1.5.5\javacpp-1.5.5-linux-arm64.jar;C:\Users\zgaya\.m2\repository\org\bytedeco\javacpp\1.5.5\javacpp-1.5.5-linux-ppc64le.jar;C:\Users\zgaya\.m2\repository\org\bytedeco\javacpp\1.5.5\javacpp-1.5.5-linux-x86.jar;C:\Users\zgaya\.m2\repository\org\bytedeco\javacpp\1.5.5\javacpp-1.5.5-linux-x86_64.jar;C:\Users\zgaya\.m2\repository\org\bytedeco\javacpp\1.5.5\javacpp-1.5.5-macosx-arm64.jar;C:\Users\zgaya\.m2\repository\org\bytedeco\javacpp\1.5.5\javacpp-1.5.5-macosx-x86_64.jar;C:\Users\zgaya\.m2\repository\org\bytedeco\javacpp\1.5.5\javacpp-1.5.5-windows-x86.jar;C:\Users\zgaya\.m2\repository\org\bytedeco\javacpp\1.5.5\javacpp-1.5.5-windows-x86_64.jar;C:\Users\zgaya\.m2\repository\org\bytedeco\llvm\11.1.0-1.5.5\llvm-11.1.0-1.5.5.jar;C:\Users\zgaya\.m2\repository\org\bytedeco\llvm\11.1.0-1.5.5\llvm-11.1.0-1.5.5-linux-x86.jar;C:\Users\zgaya\.m2\repository\org\bytedeco\l
Launcher Type: SUN_STANDARD

[Global flags]
     intx CICompilerCount                          = 4                                         {product} {ergonomic}
     uint ConcGCThreads                            = 3                                         {product} {ergonomic}
     uint G1ConcRefinementThreads                  = 10                                        {product} {ergonomic}
   size_t G1HeapRegionSize                         = 1048576                                   {product} {ergonomic}
    uintx GCDrainStackTargetSize                   = 64                                        {product} {ergonomic}
   size_t InitialHeapSize                          = 266338304                                 {product} {ergonomic}
   size_t MarkStackSize                            = 4194304                                   {product} {ergonomic}
   size_t MaxHeapSize                              = 4257218560                                {product} {ergonomic}
   size_t MaxNewSize                               = 2554331136                                {product} {ergonomic}
   size_t MinHeapDeltaBytes                        = 1048576                                   {product} {ergonomic}
   size_t MinHeapSize                              = 8388608                                   {product} {ergonomic}
    uintx NonNMethodCodeHeapSize                   = 5836300                                {pd product} {ergonomic}
    uintx NonProfiledCodeHeapSize                  = 122910970                              {pd product} {ergonomic}
    uintx ProfiledCodeHeapSize                     = 122910970                              {pd product} {ergonomic}
    uintx ReservedCodeCacheSize                    = 251658240                              {pd product} {ergonomic}
     bool SegmentedCodeCache                       = true                                      {product} {ergonomic}
   size_t SoftMaxHeapSize                          = 4257218560                             {manageable} {ergonomic}
     bool UseCompressedClassPointers               = true                                 {lp64_product} {ergonomic}
     bool UseCompressedOops                        = true                                 {lp64_product} {ergonomic}
     bool UseG1GC                                  = true                                      {product} {ergonomic}
     bool UseLargePagesIndividualAllocation        = false                                  {pd product} {ergonomic}

Logging:
Log output configuration:
 #0: stdout all=warning uptime,level,tags
 #1: stderr all=off uptime,level,tags

Environment Variables:
JAVA_HOME=D:\Java\jdk-13.0.1
PATH=D:\Oracle\Xe\dbhomeXE\bin;C:\Program Files\Common Files\Oracle\Java\javapath;C:\Program Files (x86)\Common Files\Oracle\Java\javapath;C:\Program Files (x86)\Intel\Intel(R) Management Engine Components\iCLS\;C:\Program Files\Intel\Intel(R) Management Engine Components\iCLS\;C:\Windows\system32;C:\Windows;C:\Windows\System32\Wbem;C:\Windows\System32\WindowsPowerShell\v1.0\;C:\Windows\System32\OpenSSH\;C:\Program Files (x86)\NVIDIA Corporation\PhysX\Common;C:\Program Files\NVIDIA Corporation\NVIDIA NvDLISR;C:\Program Files (x86)\Intel\Intel(R) Management Engine Components\DAL;C:\Program Files\Intel\Intel(R) Management Engine Components\DAL;C:\Program Files (x86)\Intel\Intel(R) Management Engine Components\IPT;C:\Program Files\Intel\Intel(R) Management Engine Components\IPT;C:\Program Files\Intel\WiFi\bin\;C:\Program Files\Common Files\Intel\WirelessCommon\;C:\WINDOWS\system32;C:\WINDOWS;C:\WINDOWS\System32\Wbem;C:\WINDOWS\System32\WindowsPowerShell\v1.0\;C:\WINDOWS\System32\OpenSSH\;D:\Sublime Text 3\;C:\cygwin64\bin;C:\Users\zgaya\AppData\Local\Programs\Python\Python38\;C:\Users\zgaya\AppData\Local\Programs\Python\Python38\Scripts\;C:\Users\zgaya\AppData\Roaming\Python\Python38\Scripts;C:\Program Files\Git\cmd;D:\Git\cmd;C:\Program Files\MongoDB\Server\4.4\bin;C:\Program Files\mongodb-database-tools\mongodb-database-tools\bin;C:\Program Files\Docker\Docker\resources\bin;C:\ProgramData\DockerDesktop\version-bin;D:\apache-maven-3.6.3-bin\apache-maven-3.6.3\bin;D:\Mu\bin;C:\Users\zgaya\AppData\Local\Microsoft\WindowsApps;C:\Users\zgaya\AppData\Local\GitHubDesktop\bin;C:\Users\zgaya\AppData\Local\Microsoft\WindowsApps;D:\JetBrains\PyCharm Community Edition 2020.2.3\bin;
USERNAME=zgaya
OS=Windows_NT
PROCESSOR_IDENTIFIER=Intel64 Family 6 Model 158 Stepping 10, GenuineIntel



---------------  S Y S T E M  ---------------

OS: Windows 10 , 64 bit Build 19041 (10.0.19041.1023)

CPU:total 12 (initial active 12) (6 cores per cpu, 2 threads per core) family 6 model 158 stepping 10, cmov, cx8, fxsr, mmx, sse, sse2, sse3, ssse3, sse4.1, sse4.2, popcnt, avx, avx2, aes, clmul, erms, 3dnowpref, lzcnt, ht, tsc, tscinvbit, bmi1, bmi2, adx, fma

Memory: 4k page, system-wide physical 16234M (3833M free)
TotalPageFile size 39786M (AvailPageFile size 13508M)
current process WorkingSet (physical memory assigned to process): 194M, peak: 194M
current process commit charge ("private bytes"): 370M, peak: 371M

vm_info: Java HotSpot(TM) 64-Bit Server VM (13.0.1+9) for windows-amd64 JRE (13.0.1+9), built on Oct  6 2019 12:37:49 by "mach5one" with unknown MS VC++:1916

END.
